[H] Starting zsim, built Wed Apr 22 22:05:38 CDT 2026 (rev no git repo)
[H] Creating global segment, 1024 MBs
[H] Global segment shmid = 16580634
[H] Deadlock detection ON
[S 0] Started instance
[S 0] Started RR scheduler, quantum=10000 phases
[S 0] mem-0: domain 0, 4 ranks/ch 8 banks/rank, tech DDR3-1333-CL10, boundLat 90 rd / 40 wr
[S 0] mem-0: Address mapping rank:col:bank row 63:15 col 12:3 rank 14:13 bank 2:0
[S 0] mem-1: domain 0, 4 ranks/ch 8 banks/rank, tech DDR3-1333-CL10, boundLat 90 rd / 40 wr
[S 0] mem-1: Address mapping rank:col:bank row 63:15 col 12:3 rank 14:13 bank 2:0
[S 0] mem-2: domain 0, 4 ranks/ch 8 banks/rank, tech DDR3-1333-CL10, boundLat 90 rd / 40 wr
[S 0] mem-2: Address mapping rank:col:bank row 63:15 col 12:3 rank 14:13 bank 2:0
[S 0] mem-3: domain 0, 4 ranks/ch 8 banks/rank, tech DDR3-1333-CL10, boundLat 90 rd / 40 wr
[S 0] mem-3: Address mapping rank:col:bank row 63:15 col 12:3 rank 14:13 bank 2:0
[S 0] Hierarchy: [ l1i-0 l1d-0 ] -> l2-0
[S 0] Hierarchy: [ l1i-1 l1d-1 ] -> l2-1
[S 0] Hierarchy: [ l1i-2 l1d-2 ] -> l2-2
[S 0] Hierarchy: [ l1i-3 l1d-3 ] -> l2-3
[S 0] Hierarchy: [ l1i-4 l1d-4 ] -> l2-4
[S 0] Hierarchy: [ l1i-5 l1d-5 ] -> l2-5
[S 0] Hierarchy: [ l1i-6 l1d-6 ] -> l2-6
[S 0] Hierarchy: [ l1i-7 l1d-7 ] -> l2-7
[S 0] Hierarchy: [ l2-0 l2-1 l2-2 l2-3 l2-4 l2-5 l2-6 l2-7 ] -> l3-0b0..l3-0b7
[S 0] Initialized system
[S 0] HDF5 backend: Opening ./outputs/hw4/SHiP-ISeq/x264_8c_simlarge/zsim.h5
[S 0] HDF5 backend: Created table, 9096 bytes/record, 116 records/write
[S 0] HDF5 backend: Opening ./outputs/hw4/SHiP-ISeq/x264_8c_simlarge/zsim-ev.h5
[S 0] HDF5 backend: Created table, 9096 bytes/record, 15 records/write
[S 0] HDF5 backend: Opening ./outputs/hw4/SHiP-ISeq/x264_8c_simlarge/zsim-cmp.h5
[S 0] HDF5 backend: Created table, 3192 bytes/record, 1 records/write
[S 0] Initialization complete
[H] Attached to global heap
[S 0] Started process, PID 3991877
[S 0] procMask: 0x0
[S 0] [0] Adjusting clocks, domain 0, de-ffwd 0
[S 0] vDSO info initialized
[S 0] FF thread 0 starting
[S 0] Started scheduler watchdog thread
[S 0] Started contention simulation thread 0
[S 0] FF control Thread TID 3991882
PARSEC Benchmark Suite Version 2.1
[HOOKS] PARSEC Hooks Version 1.2
yuv4mpeg: 640x360@25/1fps, 0:0
[HOOKS] Entering ROI
[S 0] ROI_BEGIN, exiting fast-forward
[S 0] [0] Adjusting clocks, domain 0, de-ffwd 1
[S 0] Thread 0 starting
[S 0] Thread 4 starting
[S 0] Thread 4 finished
[S 0] Thread 5 starting
[S 0] Thread 6 starting
[S 0] Thread 6 finished
[S 0] Thread 7 starting
[S 0] Thread 8 starting
[S 0] Detected possible stall due to fake leaves (1 current)
[S 0]  [0/7] futex (202) @ 0x4d36c2
[S 0] Blacklisting from future fake leaves: [0] futex @ 0x4d36c2 | arg0 0x89106c arg1 0x80
[S 0] Thread 8 finished
[S 0] Thread 9 starting
[S 0] Thread 10 starting
[S 0] Thread 10 finished
[S 0] Thread 11 starting
[S 0] Thread 12 starting
[S 0] Thread 12 finished
[S 0] Thread 13 starting
[S 0] Thread 14 starting
[S 0] Thread 14 finished
[S 0] Thread 15 starting
[S 0] Thread 16 starting
[S 0] Detected possible stall due to fake leaves (1 current)
[S 0]  [0/9] futex (202) @ 0x4d3f3a
[S 0] Blacklisting from future fake leaves: [0] futex @ 0x4d3f3a | arg0 0x8f55e0 arg1 0x80
[S 0] Thread 16 finished
[S 0] Thread 17 starting
[S 0] Thread 18 starting
[S 0] Thread 18 finished
[S 0] Thread 19 starting
[S 0] Detected possible stall due to fake leaves (1 current)
[S 0]  [0/0] futex (202) @ 0x4d27a2
[S 0] Blacklisting from future fake leaves: [0] futex @ 0x4d27a2 | arg0 0x7fffe1fab9d0 arg1 0x0
[S 0] Thread 5 finished
[S 0] WARN: External futex wakes? (0/0)
[S 0] Thread 20 starting
[S 0] Thread 20 finished
[S 0] Thread 7 finished
[S 0] Thread 21 starting
[S 0] Thread 22 starting
[S 0] Thread 22 finished
[S 0] Thread 9 finished
[S 0] Thread 23 starting
[S 0] Thread 24 starting
[S 0] Thread 24 finished
[S 0] Thread 11 finished
[S 0] Thread 25 starting
[S 0] Thread 26 starting
[S 0] Thread 26 finished
[S 0] Thread 13 finished
[S 0] Thread 27 starting
[S 0] Thread 28 starting
[S 0] Thread 28 finished
[S 0] Thread 29 starting
[S 0] Thread 15 finished
[S 0] WARN: External futex wakes? (0/0)
[S 0] Thread 30 starting
[S 0] Thread 30 finished
[S 0] Thread 31 starting
[S 0] Thread 17 finished
[S 0] WARN: External futex wakes? (0/0)
[S 0] Thread 32 starting
[S 0] Thread 32 finished
[S 0] Thread 33 starting
[S 0] Thread 19 finished
[S 0] WARN: External futex wakes? (0/0)
[S 0] Thread 34 starting
[S 0] WARN: waitUntilQueued for pid 0 tid 29 timed out
[S 0] Thread 34 finished
[S 0] Thread 35 starting
[S 0] Thread 21 finished
[S 0] WARN: External futex wakes? (0/0)
[S 0] Thread 36 starting
[S 0] Thread 36 finished
[S 0] Thread 37 starting
[S 0] Thread 23 finished
[S 0] WARN: External futex wakes? (0/0)
[S 0] Thread 38 starting
[S 0] Thread 38 finished
[S 0] Thread 39 starting
[S 0] Thread 25 finished
[S 0] WARN: External futex wakes? (0/0)
[S 0] Thread 40 starting
[S 0] WARN: waitUntilQueued for pid 0 tid 40 timed out
[S 0] Thread 40 finished
[S 0] Thread 41 starting
[S 0] Thread 27 finished
[S 0] WARN: External futex wakes? (0/0)
[S 0] Thread 42 starting
[S 0] WARN: waitUntilQueued for pid 0 tid 42 timed out
[S 0] WARN: waitUntilQueued for pid 0 tid 39 timed out
[S 0] Thread 42 finished
[S 0] Thread 43 starting
[S 0] Thread 29 finished
[S 0] WARN: External futex wakes? (0/0)
[S 0] Thread 44 starting
[S 0] WARN: waitUntilQueued for pid 0 tid 44 timed out
[S 0] Thread 44 finished
[S 0] Thread 45 starting
[S 0] Thread 31 finished
[S 0] WARN: External futex wakes? (0/0)
[S 0] Thread 46 starting
[S 0] WARN: waitUntilQueued for pid 0 tid 46 timed out
[S 0] Thread 46 finished
[S 0] Thread 47 starting
[S 0] Thread 33 finished
[S 0] WARN: External futex wakes? (0/0)
[S 0] Thread 48 starting
[S 0] WARN: waitUntilQueued for pid 0 tid 48 timed out
[S 0] Thread 48 finished
[S 0] Thread 49 starting
[S 0] Thread 35 finished
[S 0] WARN: External futex wakes? (0/0)
[S 0] Thread 50 starting
[S 0] WARN: waitUntilQueued for pid 0 tid 50 timed out
[S 0] WARN: waitUntilQueued for pid 0 tid 45 timed out
[S 0] Thread 50 finished
[S 0] Thread 51 starting
[S 0] Thread 37 finished
[S 0] WARN: External futex wakes? (0/0)
[S 0] Thread 52 starting
[S 0] WARN: waitUntilQueued for pid 0 tid 52 timed out
[S 0] WARN: waitUntilQueued for pid 0 tid 47 timed out
[S 0] Thread 52 finished
[S 0] Thread 53 starting
[S 0] Thread 39 finished
[S 0] WARN: External futex wakes? (0/0)
[S 0] Thread 54 starting
[S 0] WARN: waitUntilQueued for pid 0 tid 54 timed out
[S 0] Thread 54 finished
[S 0] Thread 55 starting
[S 0] Thread 41 finished
[S 0] WARN: External futex wakes? (0/0)
[S 0] Thread 56 starting
[S 0] WARN: waitUntilQueued for pid 0 tid 56 timed out
[S 0] Thread 56 finished
[S 0] Thread 57 starting
[S 0] Thread 43 finished
[S 0] WARN: External futex wakes? (0/0)
[S 0] Thread 58 starting
[S 0] WARN: waitUntilQueued for pid 0 tid 58 timed out
[S 0] Thread 58 finished
[S 0] Thread 59 starting
[S 0] Thread 45 finished
[S 0] WARN: External futex wakes? (0/0)
[S 0] Thread 60 starting
[S 0] WARN: waitUntilQueued for pid 0 tid 60 timed out
[S 0] Thread 60 finished
[S 0] Thread 61 starting
[S 0] Thread 47 finished
[S 0] WARN: External futex wakes? (0/0)
[S 0] Thread 62 starting
[S 0] WARN: waitUntilQueued for pid 0 tid 62 timed out
[S 0] Thread 62 finished
[S 0] Thread 63 starting
[S 0] Thread 49 finished
[S 0] WARN: External futex wakes? (0/0)
[S 0] Thread 64 starting
[S 0] WARN: waitUntilQueued for pid 0 tid 64 timed out
[S 0] Thread 64 finished
[S 0] Thread 65 starting
[S 0] Thread 51 finished
[S 0] WARN: External futex wakes? (0/0)
[S 0] Thread 66 starting
[S 0] WARN: waitUntilQueued for pid 0 tid 66 timed out
[S 0] Thread 66 finished
[S 0] Thread 67 starting
[S 0] Thread 53 finished
[S 0] WARN: External futex wakes? (0/0)
[S 0] Thread 68 starting
[S 0] WARN: waitUntilQueued for pid 0 tid 68 timed out
[S 0] Thread 68 finished
[S 0] Thread 69 starting
[S 0] Thread 55 finished
[S 0] WARN: External futex wakes? (0/0)
[S 0] Thread 70 starting
[S 0] WARN: waitUntilQueued for pid 0 tid 67 timed out
[S 0] Thread 70 finished
[S 0] Thread 71 starting
[S 0] Thread 57 finished
[S 0] WARN: External futex wakes? (0/0)
[S 0] Thread 72 starting
[S 0] WARN: waitUntilQueued for pid 0 tid 72 timed out
[S 0] WARN: waitUntilQueued for pid 0 tid 69 timed out
[S 0] Thread 72 finished
[S 0] Thread 73 starting
[S 0] Thread 59 finished
[S 0] WARN: External futex wakes? (0/0)
[S 0] Thread 74 starting
[S 0] WARN: waitUntilQueued for pid 0 tid 74 timed out
[S 0] Thread 74 finished
[S 0] Thread 75 starting
[S 0] Thread 61 finished
[S 0] WARN: External futex wakes? (0/0)
[S 0] Thread 76 starting
[S 0] WARN: waitUntilQueued for pid 0 tid 76 timed out
[S 0] Thread 76 finished
[S 0] Thread 77 starting
[S 0] Thread 63 finished
[S 0] WARN: External futex wakes? (0/0)
[S 0] Thread 78 starting
[S 0] WARN: waitUntilQueued for pid 0 tid 78 timed out
[S 0] Thread 78 finished
[S 0] Thread 79 starting
[S 0] Thread 65 finished
[S 0] WARN: External futex wakes? (0/0)
[S 0] Thread 80 starting
[S 0] WARN: waitUntilQueued for pid 0 tid 80 timed out
[S 0] Thread 80 finished
[S 0] Max total (aggregate) instructions reached (5000081731)
[S 0] Termination condition met, exiting
[S 0] Termination condition met, exiting
[S 0] Termination condition met, exiting
[S 0] Termination condition met, exiting
[S 0] Termination condition met, exiting
[S 0] Termination condition met, exiting
[S 0] Termination condition met, exiting
[S 0] Dumping termination stats
[S 0] Terminating scheduler watchdog thread
[H] Child 3991877 done
[H] All children done, exiting
