# zsim stats
===
root: # Stats
 contention: # Contention simulation stats
  domain-0: # Domain stats
   time: 363964615 # Weave simulation time
 time: # Simulator time breakdown
  init: 3819462488947
  bound: 10897446748
  weave: 437284001
  ff: 0
 trigger: 20000 # Reason for this stats dump
 phase: 7782 # Simulated phases
 westmere: # Core stats
  westmere-0: # Core stats
   cycles: 77821883 # Simulated unhalted cycles
   cCycles: 10988630 # Cycles due to contention stalls
   instrs: 100004490 # Simulated instructions
   uops: 142675172 # Retired micro-ops
   bbls: 4785521 # Basic blocks
   approxInstrs: 432 # Instrs with approx uop decoding
   mispredBranches: 23096 # Mispredicted branches
   condBranches: 4718211 # conditional branches
 l1i: # Cache stats
  l1i-0: # Filter cache stats
   fhGETS: 9436720 # Filtered GETS hits
   fhGETX: 0 # Filtered GETX hits
   hGETS: 20706 # GETS hits
   hGETX: 0 # GETX hits
   mGETS: 5311 # GETS misses
   mGETXIM: 0 # GETX I->M misses
   mGETXSM: 0 # GETX S->M misses (upgrade misses)
   PUTS: 0 # Clean evictions (from lower level)
   PUTX: 0 # Dirty evictions (from lower level)
   INV: 3414 # Invalidates (from upper level)
   INVX: 0 # Downgrades (from upper level)
   FWD: 0 # Forwards (from upper level)
   latGETnl: 518404 # GET request latency on next level
   latGETnet: 0 # GET request latency on network to next level
 l1d: # Cache stats
  l1d-0: # Filter cache stats
   fhGETS: 27548651 # Filtered GETS hits
   fhGETX: 9098879 # Filtered GETX hits
   hGETS: 15224389 # GETS hits
   hGETX: 5952707 # GETX hits
   mGETS: 302132 # GETS misses
   mGETXIM: 294521 # GETX I->M misses
   mGETXSM: 0 # GETX S->M misses (upgrade misses)
   PUTS: 0 # Clean evictions (from lower level)
   PUTX: 0 # Dirty evictions (from lower level)
   INV: 162834 # Invalidates (from upper level)
   INVX: 0 # Downgrades (from upper level)
   FWD: 0 # Forwards (from upper level)
   latGETnl: 40609750 # GET request latency on next level
   latGETnet: 0 # GET request latency on network to next level
 l2: # Cache stats
  l2-0: # Cache stats
   hGETS: 205442 # GETS hits
   hGETX: 3726 # GETX hits
   mGETS: 102001 # GETS misses
   mGETXIM: 290795 # GETX I->M misses
   mGETXSM: 0 # GETX S->M misses (upgrade misses)
   PUTS: 255098 # Clean evictions (from lower level)
   PUTX: 179703 # Dirty evictions (from lower level)
   INV: 209753 # Invalidates (from upper level)
   INVX: 0 # Downgrades (from upper level)
   FWD: 0 # Forwards (from upper level)
   latGETnl: 35108514 # GET request latency on next level
   latGETnet: 0 # GET request latency on network to next level
 l3: # Cache stats
  l3-0: # Cache stats
   hGETS: 16283 # GETS hits
   hGETX: 91164 # GETX hits
   mGETS: 85718 # GETS misses
   mGETXIM: 199631 # GETX I->M misses
   mGETXSM: 0 # GETX S->M misses (upgrade misses)
   PUTS: 38588 # Clean evictions (from lower level)
   PUTX: 140558 # Dirty evictions (from lower level)
   INV: 0 # Invalidates (from upper level)
   INVX: 0 # Downgrades (from upper level)
   FWD: 0 # Forwards (from upper level)
   latGETnl: 25681410 # GET request latency on next level
   latGETnet: 0 # GET request latency on network to next level
 mem: # Memory controller stats
  mem-0: # Memory controller stats
   rd: 70280 # Read requests
   wr: 46255 # Write requests
   rdlat: 10501024 # Total latency experienced by read requests
   wrlat: 9376121 # Total latency experienced by write requests
   rdhits: 88 # Read row hits
   wrhits: 273 # Write row hits
   mlh: # latency histogram for memory requests
    0: 0
    1: 0
    2: 0
    3: 0
    4: 0
    5: 0
    6: 0
    7: 0
    8: 0
    9: 0
    10: 0
    11: 26
    12: 4
    13: 56459
    14: 3006
    15: 104
    16: 100
    17: 85
    18: 50
    19: 41
    20: 59
    21: 258
    22: 2746
    23: 5658
    24: 465
    25: 363
    26: 37
    27: 37
    28: 39
    29: 42
    30: 32
    31: 47
    32: 49
    33: 36
    34: 43
    35: 47
    36: 42
    37: 46
    38: 36
    39: 35
    40: 28
    41: 32
    42: 51
    43: 16
    44: 3
    45: 10
    46: 19
    47: 59
    48: 12
    49: 9
    50: 14
    51: 11
    52: 9
    53: 6
    54: 0
    55: 2
    56: 0
    57: 1
    58: 1
    59: 0
    60: 5
    61: 0
    62: 0
    63: 0
    64: 0
    65: 0
    66: 0
    67: 0
    68: 0
    69: 0
    70: 0
    71: 0
    72: 0
    73: 0
    74: 0
    75: 0
    76: 0
    77: 0
    78: 0
    79: 0
    80: 0
    81: 0
    82: 0
    83: 0
    84: 0
    85: 0
    86: 0
    87: 0
    88: 0
    89: 0
    90: 0
    91: 0
    92: 0
    93: 0
    94: 0
    95: 0
    96: 0
    97: 0
    98: 0
    99: 0
  mem-1: # Memory controller stats
   rd: 72406 # Read requests
   wr: 46374 # Write requests
   rdlat: 10792077 # Total latency experienced by read requests
   wrlat: 9471420 # Total latency experienced by write requests
   rdhits: 87 # Read row hits
   wrhits: 310 # Write row hits
   mlh: # latency histogram for memory requests
    0: 0
    1: 0
    2: 0
    3: 0
    4: 0
    5: 0
    6: 0
    7: 0
    8: 0
    9: 0
    10: 0
    11: 17
    12: 12
    13: 58241
    14: 3169
    15: 109
    16: 171
    17: 99
    18: 81
    19: 36
    20: 45
    21: 246
    22: 2750
    23: 5678
    24: 427
    25: 442
    26: 36
    27: 59
    28: 30
    29: 52
    30: 47
    31: 49
    32: 37
    33: 38
    34: 42
    35: 33
    36: 44
    37: 39
    38: 29
    39: 41
    40: 45
    41: 35
    42: 44
    43: 19
    44: 5
    45: 10
    46: 13
    47: 62
    48: 13
    49: 14
    50: 12
    51: 15
    52: 7
    53: 6
    54: 1
    55: 1
    56: 1
    57: 0
    58: 0
    59: 2
    60: 0
    61: 2
    62: 0
    63: 0
    64: 0
    65: 0
    66: 0
    67: 0
    68: 0
    69: 0
    70: 0
    71: 0
    72: 0
    73: 0
    74: 0
    75: 0
    76: 0
    77: 0
    78: 0
    79: 0
    80: 0
    81: 0
    82: 0
    83: 0
    84: 0
    85: 0
    86: 0
    87: 0
    88: 0
    89: 0
    90: 0
    91: 0
    92: 0
    93: 0
    94: 0
    95: 0
    96: 0
    97: 0
    98: 0
    99: 0
  mem-2: # Memory controller stats
   rd: 71125 # Read requests
   wr: 45622 # Write requests
   rdlat: 10598483 # Total latency experienced by read requests
   wrlat: 9266127 # Total latency experienced by write requests
   rdhits: 101 # Read row hits
   wrhits: 295 # Write row hits
   mlh: # latency histogram for memory requests
    0: 0
    1: 0
    2: 0
    3: 0
    4: 0
    5: 0
    6: 0
    7: 0
    8: 0
    9: 0
    10: 0
    11: 43
    12: 8
    13: 56950
    14: 3290
    15: 135
    16: 193
    17: 173
    18: 132
    19: 40
    20: 67
    21: 194
    22: 2575
    23: 5633
    24: 343
    25: 485
    26: 33
    27: 46
    28: 32
    29: 38
    30: 40
    31: 36
    32: 36
    33: 36
    34: 37
    35: 42
    36: 44
    37: 41
    38: 46
    39: 44
    40: 45
    41: 45
    42: 37
    43: 17
    44: 5
    45: 14
    46: 5
    47: 59
    48: 27
    49: 13
    50: 9
    51: 14
    52: 5
    53: 2
    54: 3
    55: 0
    56: 1
    57: 0
    58: 0
    59: 0
    60: 10
    61: 0
    62: 0
    63: 0
    64: 0
    65: 0
    66: 0
    67: 0
    68: 0
    69: 0
    70: 0
    71: 0
    72: 0
    73: 0
    74: 0
    75: 0
    76: 0
    77: 0
    78: 0
    79: 0
    80: 1
    81: 0
    82: 0
    83: 0
    84: 0
    85: 0
    86: 0
    87: 0
    88: 0
    89: 0
    90: 0
    91: 0
    92: 0
    93: 0
    94: 0
    95: 0
    96: 0
    97: 1
    98: 0
    99: 0
  mem-3: # Memory controller stats
   rd: 71529 # Read requests
   wr: 46011 # Write requests
   rdlat: 10580611 # Total latency experienced by read requests
   wrlat: 9198593 # Total latency experienced by write requests
   rdhits: 92 # Read row hits
   wrhits: 235 # Write row hits
   mlh: # latency histogram for memory requests
    0: 0
    1: 0
    2: 0
    3: 0
    4: 0
    5: 0
    6: 0
    7: 0
    8: 0
    9: 0
    10: 0
    11: 26
    12: 18
    13: 57935
    14: 2999
    15: 134
    16: 153
    17: 80
    18: 60
    19: 23
    20: 33
    21: 167
    22: 6660
    23: 1555
    24: 447
    25: 467
    26: 34
    27: 29
    28: 33
    29: 43
    30: 33
    31: 25
    32: 34
    33: 38
    34: 55
    35: 37
    36: 41
    37: 32
    38: 32
    39: 36
    40: 32
    41: 39
    42: 37
    43: 13
    44: 14
    45: 10
    46: 11
    47: 50
    48: 16
    49: 8
    50: 8
    51: 18
    52: 9
    53: 2
    54: 0
    55: 0
    56: 0
    57: 0
    58: 0
    59: 1
    60: 0
    61: 1
    62: 0
    63: 0
    64: 0
    65: 0
    66: 0
    67: 0
    68: 0
    69: 0
    70: 0
    71: 0
    72: 0
    73: 0
    74: 0
    75: 0
    76: 0
    77: 0
    78: 0
    79: 0
    80: 0
    81: 1
    82: 0
    83: 0
    84: 0
    85: 0
    86: 0
    87: 0
    88: 0
    89: 0
    90: 0
    91: 0
    92: 0
    93: 0
    94: 0
    95: 0
    96: 0
    97: 0
    98: 0
    99: 0
 sched: # Scheduler stats
  thCr: 1 # Threads created
  thFn: 1 # Threads finished
  schedEvs: 1 # Schedule events
  waitEvs: 0 # Wait events
  handoffEvs: 0 # Handoff events
  sleepEvs: 0 # Sleep events
  idlePhases: 0 # Phases with no thread active
  idlePeriods: 0 # Periods with no thread active
  occHist: # Occupancy histogram
   0: 0
   1: 7782
  rqSzHist: # Run queue size histogram
   0: 7782
   1: 0
   2: 0
   3: 0
   4: 0
   5: 0
   6: 0
   7: 0
   8: 0
   9: 0
   10: 0
   11: 0
   12: 0
   13: 0
   14: 0
   15: 0
   16: 0
 procCycles: # Per-process unhalted core cycles
  0: 77821883
  1: 0
  2: 0
  3: 0
  4: 0
  5: 0
  6: 0
  7: 0
  8: 0
  9: 0
  10: 0
  11: 0
  12: 0
  13: 0
  14: 0
  15: 0
  16: 0
  17: 0
  18: 0
  19: 0
  20: 0
  21: 0
  22: 0
  23: 0
  24: 0
  25: 0
  26: 0
  27: 0
  28: 0
  29: 0
  30: 0
  31: 0
  32: 0
  33: 0
  34: 0
  35: 0
  36: 0
  37: 0
  38: 0
  39: 0
  40: 0
  41: 0
  42: 0
  43: 0
  44: 0
  45: 0
  46: 0
  47: 0
  48: 0
  49: 0
  50: 0
  51: 0
  52: 0
  53: 0
  54: 0
  55: 0
  56: 0
  57: 0
  58: 0
  59: 0
  60: 0
  61: 0
  62: 0
  63: 0
 procInstrs: # Per-process instructions
  0: 100004490
  1: 0
  2: 0
  3: 0
  4: 0
  5: 0
  6: 0
  7: 0
  8: 0
  9: 0
  10: 0
  11: 0
  12: 0
  13: 0
  14: 0
  15: 0
  16: 0
  17: 0
  18: 0
  19: 0
  20: 0
  21: 0
  22: 0
  23: 0
  24: 0
  25: 0
  26: 0
  27: 0
  28: 0
  29: 0
  30: 0
  31: 0
  32: 0
  33: 0
  34: 0
  35: 0
  36: 0
  37: 0
  38: 0
  39: 0
  40: 0
  41: 0
  42: 0
  43: 0
  44: 0
  45: 0
  46: 0
  47: 0
  48: 0
  49: 0
  50: 0
  51: 0
  52: 0
  53: 0
  54: 0
  55: 0
  56: 0
  57: 0
  58: 0
  59: 0
  60: 0
  61: 0
  62: 0
  63: 0
 heartbeats: # Per-process heartbeats
  0: 0
  1: 0
  2: 0
  3: 0
  4: 0
  5: 0
  6: 0
  7: 0
  8: 0
  9: 0
  10: 0
  11: 0
  12: 0
  13: 0
  14: 0
  15: 0
  16: 0
  17: 0
  18: 0
  19: 0
  20: 0
  21: 0
  22: 0
  23: 0
  24: 0
  25: 0
  26: 0
  27: 0
  28: 0
  29: 0
  30: 0
  31: 0
  32: 0
  33: 0
  34: 0
  35: 0
  36: 0
  37: 0
  38: 0
  39: 0
  40: 0
  41: 0
  42: 0
  43: 0
  44: 0
  45: 0
  46: 0
  47: 0
  48: 0
  49: 0
  50: 0
  51: 0
  52: 0
  53: 0
  54: 0
  55: 0
  56: 0
  57: 0
  58: 0
  59: 0
  60: 0
  61: 0
  62: 0
  63: 0
===
