# zsim stats
===
root: # Stats
 contention: # Contention simulation stats
  domain-0: # Domain stats
   time: 534834520 # Weave simulation time
 time: # Simulator time breakdown
  init: 611094742395
  bound: 11425542265
  weave: 657896389
  ff: 0
 trigger: 20000 # Reason for this stats dump
 phase: 12343 # Simulated phases
 westmere: # Core stats
  westmere-0: # Core stats
   cycles: 123430001 # Simulated unhalted cycles
   cCycles: 8674308 # Cycles due to contention stalls
   instrs: 100005381 # Simulated instructions
   uops: 119749137 # Retired micro-ops
   bbls: 21930591 # Basic blocks
   approxInstrs: 221020 # Instrs with approx uop decoding
   mispredBranches: 1073207 # Mispredicted branches
   condBranches: 17144067 # conditional branches
 l1i: # Cache stats
  l1i-0: # Filter cache stats
   fhGETS: 24364899 # Filtered GETS hits
   fhGETX: 0 # Filtered GETX hits
   hGETS: 1889615 # GETS hits
   hGETX: 0 # GETX hits
   mGETS: 679867 # GETS misses
   mGETXIM: 0 # GETX I->M misses
   mGETXSM: 0 # GETX S->M misses (upgrade misses)
   PUTS: 0 # Clean evictions (from lower level)
   PUTX: 0 # Dirty evictions (from lower level)
   INV: 5798 # Invalidates (from upper level)
   INVX: 0 # Downgrades (from upper level)
   FWD: 0 # Forwards (from upper level)
   latGETnl: 9126346 # GET request latency on next level
   latGETnet: 0 # GET request latency on network to next level
 l1d: # Cache stats
  l1d-0: # Filter cache stats
   fhGETS: 22850189 # Filtered GETS hits
   fhGETX: 16017197 # Filtered GETX hits
   hGETS: 1739249 # GETS hits
   hGETX: 925956 # GETX hits
   mGETS: 1501326 # GETS misses
   mGETXIM: 1942540 # GETX I->M misses
   mGETXSM: 0 # GETX S->M misses (upgrade misses)
   PUTS: 0 # Clean evictions (from lower level)
   PUTX: 0 # Dirty evictions (from lower level)
   INV: 175806 # Invalidates (from upper level)
   INVX: 0 # Downgrades (from upper level)
   FWD: 0 # Forwards (from upper level)
   latGETnl: 118165486 # GET request latency on next level
   latGETnet: 0 # GET request latency on network to next level
 l2: # Cache stats
  l2-0: # Cache stats
   hGETS: 1105614 # GETS hits
   hGETX: 1119576 # GETX hits
   mGETS: 1075579 # GETS misses
   mGETXIM: 822964 # GETX I->M misses
   mGETXSM: 0 # GETX S->M misses (upgrade misses)
   PUTS: 1773554 # Clean evictions (from lower level)
   PUTX: 2167552 # Dirty evictions (from lower level)
   INV: 289814 # Invalidates (from upper level)
   INVX: 0 # Downgrades (from upper level)
   FWD: 0 # Forwards (from upper level)
   latGETnl: 86054502 # GET request latency on next level
   latGETnet: 0 # GET request latency on network to next level
 l3: # Cache stats
  l3-0: # Cache stats
   hGETS: 825942 # GETS hits
   hGETX: 622718 # GETX hits
   mGETS: 249637 # GETS misses
   mGETXIM: 200246 # GETX I->M misses
   mGETXSM: 0 # GETX S->M misses (upgrade misses)
   PUTS: 785540 # Clean evictions (from lower level)
   PUTX: 819096 # Dirty evictions (from lower level)
   INV: 0 # Invalidates (from upper level)
   INVX: 0 # Downgrades (from upper level)
   FWD: 0 # Forwards (from upper level)
   latGETnl: 40489470 # GET request latency on next level
   latGETnet: 0 # GET request latency on network to next level
 mem: # Memory controller stats
  mem-0: # Memory controller stats
   rd: 112955 # Read requests
   wr: 59982 # Write requests
   rdlat: 15420548 # Total latency experienced by read requests
   wrlat: 9423085 # Total latency experienced by write requests
   rdhits: 25 # Read row hits
   wrhits: 95 # Write row hits
   mlh: # latency histogram for memory requests
    0: 0
    1: 0
    2: 0
    3: 0
    4: 0
    5: 0
    6: 0
    7: 0
    8: 0
    9: 0
    10: 0
    11: 0
    12: 3
    13: 101812
    14: 3001
    15: 3240
    16: 1464
    17: 418
    18: 347
    19: 414
    20: 433
    21: 159
    22: 167
    23: 105
    24: 138
    25: 153
    26: 26
    27: 36
    28: 35
    29: 32
    30: 46
    31: 65
    32: 65
    33: 59
    34: 51
    35: 74
    36: 79
    37: 90
    38: 79
    39: 75
    40: 54
    41: 69
    42: 67
    43: 32
    44: 16
    45: 16
    46: 12
    47: 13
    48: 4
    49: 1
    50: 1
    51: 1
    52: 1
    53: 0
    54: 0
    55: 0
    56: 2
    57: 0
    58: 0
    59: 0
    60: 0
    61: 0
    62: 0
    63: 0
    64: 0
    65: 0
    66: 0
    67: 0
    68: 0
    69: 0
    70: 0
    71: 0
    72: 0
    73: 0
    74: 0
    75: 0
    76: 0
    77: 0
    78: 0
    79: 0
    80: 0
    81: 0
    82: 0
    83: 0
    84: 0
    85: 0
    86: 0
    87: 0
    88: 0
    89: 0
    90: 0
    91: 0
    92: 0
    93: 0
    94: 0
    95: 0
    96: 0
    97: 0
    98: 0
    99: 0
  mem-1: # Memory controller stats
   rd: 110681 # Read requests
   wr: 60478 # Write requests
   rdlat: 15013371 # Total latency experienced by read requests
   wrlat: 9310051 # Total latency experienced by write requests
   rdhits: 29 # Read row hits
   wrhits: 186 # Write row hits
   mlh: # latency histogram for memory requests
    0: 0
    1: 0
    2: 0
    3: 0
    4: 0
    5: 0
    6: 0
    7: 0
    8: 0
    9: 0
    10: 0
    11: 0
    12: 6
    13: 101305
    14: 3000
    15: 3191
    16: 1046
    17: 217
    18: 149
    19: 180
    20: 96
    21: 118
    22: 60
    23: 64
    24: 86
    25: 50
    26: 41
    27: 43
    28: 42
    29: 49
    30: 46
    31: 49
    32: 60
    33: 47
    34: 43
    35: 67
    36: 94
    37: 78
    38: 78
    39: 77
    40: 69
    41: 55
    42: 79
    43: 29
    44: 18
    45: 9
    46: 22
    47: 9
    48: 4
    49: 2
    50: 0
    51: 1
    52: 0
    53: 0
    54: 2
    55: 0
    56: 0
    57: 0
    58: 0
    59: 0
    60: 0
    61: 0
    62: 0
    63: 0
    64: 0
    65: 0
    66: 0
    67: 0
    68: 0
    69: 0
    70: 0
    71: 0
    72: 0
    73: 0
    74: 0
    75: 0
    76: 0
    77: 0
    78: 0
    79: 0
    80: 0
    81: 0
    82: 0
    83: 0
    84: 0
    85: 0
    86: 0
    87: 0
    88: 0
    89: 0
    90: 0
    91: 0
    92: 0
    93: 0
    94: 0
    95: 0
    96: 0
    97: 0
    98: 0
    99: 0
  mem-2: # Memory controller stats
   rd: 115207 # Read requests
   wr: 60992 # Write requests
   rdlat: 15686567 # Total latency experienced by read requests
   wrlat: 9455492 # Total latency experienced by write requests
   rdhits: 33 # Read row hits
   wrhits: 102 # Write row hits
   mlh: # latency histogram for memory requests
    0: 0
    1: 0
    2: 0
    3: 0
    4: 0
    5: 0
    6: 0
    7: 0
    8: 0
    9: 0
    10: 0
    11: 2
    12: 6
    13: 104464
    14: 3390
    15: 2921
    16: 1314
    17: 394
    18: 229
    19: 419
    20: 218
    21: 154
    22: 164
    23: 193
    24: 128
    25: 72
    26: 43
    27: 55
    28: 38
    29: 39
    30: 55
    31: 59
    32: 83
    33: 58
    34: 36
    35: 62
    36: 95
    37: 89
    38: 66
    39: 73
    40: 58
    41: 53
    42: 78
    43: 29
    44: 20
    45: 12
    46: 18
    47: 9
    48: 6
    49: 1
    50: 1
    51: 1
    52: 1
    53: 1
    54: 0
    55: 0
    56: 0
    57: 0
    58: 0
    59: 0
    60: 0
    61: 0
    62: 0
    63: 0
    64: 0
    65: 0
    66: 0
    67: 0
    68: 0
    69: 0
    70: 0
    71: 0
    72: 0
    73: 0
    74: 0
    75: 0
    76: 0
    77: 0
    78: 0
    79: 0
    80: 0
    81: 0
    82: 0
    83: 0
    84: 0
    85: 0
    86: 0
    87: 0
    88: 0
    89: 0
    90: 0
    91: 0
    92: 0
    93: 0
    94: 0
    95: 0
    96: 0
    97: 0
    98: 0
    99: 0
  mem-3: # Memory controller stats
   rd: 111040 # Read requests
   wr: 61147 # Write requests
   rdlat: 15076880 # Total latency experienced by read requests
   wrlat: 9457060 # Total latency experienced by write requests
   rdhits: 26 # Read row hits
   wrhits: 158 # Write row hits
   mlh: # latency histogram for memory requests
    0: 0
    1: 0
    2: 0
    3: 0
    4: 0
    5: 0
    6: 0
    7: 0
    8: 0
    9: 0
    10: 0
    11: 2
    12: 3
    13: 100922
    14: 3533
    15: 2962
    16: 1265
    17: 296
    18: 223
    19: 281
    20: 133
    21: 79
    22: 73
    23: 58
    24: 62
    25: 52
    26: 31
    27: 35
    28: 49
    29: 32
    30: 57
    31: 55
    32: 71
    33: 53
    34: 46
    35: 62
    36: 75
    37: 92
    38: 56
    39: 73
    40: 73
    41: 58
    42: 74
    43: 55
    44: 14
    45: 16
    46: 9
    47: 7
    48: 3
    49: 0
    50: 0
    51: 0
    52: 0
    53: 0
    54: 0
    55: 0
    56: 0
    57: 0
    58: 0
    59: 0
    60: 0
    61: 0
    62: 0
    63: 0
    64: 0
    65: 0
    66: 0
    67: 0
    68: 0
    69: 0
    70: 0
    71: 0
    72: 0
    73: 0
    74: 0
    75: 0
    76: 0
    77: 0
    78: 0
    79: 0
    80: 0
    81: 0
    82: 0
    83: 0
    84: 0
    85: 0
    86: 0
    87: 0
    88: 0
    89: 0
    90: 0
    91: 0
    92: 0
    93: 0
    94: 0
    95: 0
    96: 0
    97: 0
    98: 0
    99: 0
 sched: # Scheduler stats
  thCr: 1 # Threads created
  thFn: 1 # Threads finished
  schedEvs: 1 # Schedule events
  waitEvs: 0 # Wait events
  handoffEvs: 0 # Handoff events
  sleepEvs: 0 # Sleep events
  idlePhases: 0 # Phases with no thread active
  idlePeriods: 0 # Periods with no thread active
  occHist: # Occupancy histogram
   0: 0
   1: 12343
  rqSzHist: # Run queue size histogram
   0: 12343
   1: 0
   2: 0
   3: 0
   4: 0
   5: 0
   6: 0
   7: 0
   8: 0
   9: 0
   10: 0
   11: 0
   12: 0
   13: 0
   14: 0
   15: 0
   16: 0
 procCycles: # Per-process unhalted core cycles
  0: 123430001
  1: 0
  2: 0
  3: 0
  4: 0
  5: 0
  6: 0
  7: 0
  8: 0
  9: 0
  10: 0
  11: 0
  12: 0
  13: 0
  14: 0
  15: 0
  16: 0
  17: 0
  18: 0
  19: 0
  20: 0
  21: 0
  22: 0
  23: 0
  24: 0
  25: 0
  26: 0
  27: 0
  28: 0
  29: 0
  30: 0
  31: 0
  32: 0
  33: 0
  34: 0
  35: 0
  36: 0
  37: 0
  38: 0
  39: 0
  40: 0
  41: 0
  42: 0
  43: 0
  44: 0
  45: 0
  46: 0
  47: 0
  48: 0
  49: 0
  50: 0
  51: 0
  52: 0
  53: 0
  54: 0
  55: 0
  56: 0
  57: 0
  58: 0
  59: 0
  60: 0
  61: 0
  62: 0
  63: 0
 procInstrs: # Per-process instructions
  0: 100005381
  1: 0
  2: 0
  3: 0
  4: 0
  5: 0
  6: 0
  7: 0
  8: 0
  9: 0
  10: 0
  11: 0
  12: 0
  13: 0
  14: 0
  15: 0
  16: 0
  17: 0
  18: 0
  19: 0
  20: 0
  21: 0
  22: 0
  23: 0
  24: 0
  25: 0
  26: 0
  27: 0
  28: 0
  29: 0
  30: 0
  31: 0
  32: 0
  33: 0
  34: 0
  35: 0
  36: 0
  37: 0
  38: 0
  39: 0
  40: 0
  41: 0
  42: 0
  43: 0
  44: 0
  45: 0
  46: 0
  47: 0
  48: 0
  49: 0
  50: 0
  51: 0
  52: 0
  53: 0
  54: 0
  55: 0
  56: 0
  57: 0
  58: 0
  59: 0
  60: 0
  61: 0
  62: 0
  63: 0
 heartbeats: # Per-process heartbeats
  0: 0
  1: 0
  2: 0
  3: 0
  4: 0
  5: 0
  6: 0
  7: 0
  8: 0
  9: 0
  10: 0
  11: 0
  12: 0
  13: 0
  14: 0
  15: 0
  16: 0
  17: 0
  18: 0
  19: 0
  20: 0
  21: 0
  22: 0
  23: 0
  24: 0
  25: 0
  26: 0
  27: 0
  28: 0
  29: 0
  30: 0
  31: 0
  32: 0
  33: 0
  34: 0
  35: 0
  36: 0
  37: 0
  38: 0
  39: 0
  40: 0
  41: 0
  42: 0
  43: 0
  44: 0
  45: 0
  46: 0
  47: 0
  48: 0
  49: 0
  50: 0
  51: 0
  52: 0
  53: 0
  54: 0
  55: 0
  56: 0
  57: 0
  58: 0
  59: 0
  60: 0
  61: 0
  62: 0
  63: 0
===
