[H] Starting zsim, built Wed Apr 22 22:05:38 CDT 2026 (rev no git repo)
[H] Creating global segment, 1024 MBs
[H] Global segment shmid = 16580623
[H] Deadlock detection ON
[S 0] Started instance
[S 0] Started RR scheduler, quantum=10000 phases
[S 0] mem-0: domain 0, 4 ranks/ch 8 banks/rank, tech DDR3-1333-CL10, boundLat 90 rd / 40 wr
[S 0] mem-0: Address mapping rank:col:bank row 63:15 col 12:3 rank 14:13 bank 2:0
[S 0] mem-1: domain 0, 4 ranks/ch 8 banks/rank, tech DDR3-1333-CL10, boundLat 90 rd / 40 wr
[S 0] mem-1: Address mapping rank:col:bank row 63:15 col 12:3 rank 14:13 bank 2:0
[S 0] mem-2: domain 0, 4 ranks/ch 8 banks/rank, tech DDR3-1333-CL10, boundLat 90 rd / 40 wr
[S 0] mem-2: Address mapping rank:col:bank row 63:15 col 12:3 rank 14:13 bank 2:0
[S 0] mem-3: domain 0, 4 ranks/ch 8 banks/rank, tech DDR3-1333-CL10, boundLat 90 rd / 40 wr
[S 0] mem-3: Address mapping rank:col:bank row 63:15 col 12:3 rank 14:13 bank 2:0
[S 0] Hierarchy: [ l1i-0 l1d-0 ] -> l2-0
[S 0] Hierarchy: [ l2-0 ] -> l3-0
[S 0] Initialized system
[S 0] HDF5 backend: Opening ./outputs/hw4/SHiP-ISeq/soplex/zsim.h5
[S 0] HDF5 backend: Created table, 5680 bytes/record, 185 records/write
[S 0] HDF5 backend: Opening ./outputs/hw4/SHiP-ISeq/soplex/zsim-ev.h5
[S 0] HDF5 backend: Created table, 5680 bytes/record, 24 records/write
[S 0] HDF5 backend: Opening ./outputs/hw4/SHiP-ISeq/soplex/zsim-cmp.h5
[S 0] HDF5 backend: Created table, 3136 bytes/record, 1 records/write
[S 0] Initialization complete
[H] Attached to global heap
[S 0] Started process, PID 3983266
[S 0] procMask: 0x0
[S 0] [0] Adjusting clocks, domain 0, de-ffwd 0
[S 0] FFI mode initialized, 2 ffiPoints
[S 0] vDSO info initialized
[S 0] FF thread 0 starting
[S 0] Started scheduler watchdog thread
[S 0] Started contention simulation thread 0
[S 0] FF control Thread TID 3983271
Delta   =     1.000000e-06
Epsilon =     1.000000e-17
Leaving algorithm
Column representation
Forest-Tomlin update
Steep pricing
Fast ratiotest
No scaling
General simplifier
Weight starter
loading LP file /home/ugrads/t/thomasdocog/csce469/469Termproject/benchmarks/spec_cpu2006/data/soplex/pds-50.mps
[H] Some fast-forwarding is going on, not doing deadlock detection (a: 1, ff: 1, sff: 0)
[H] Some fast-forwarding is going on, not doing deadlock detection (a: 1, ff: 1, sff: 0)
LP has 83060	rows and
       270095	columns
[S 0] WARN: [0] Executing unvirtualized potentially timing-sensitive syscall: times (100)
solving LP
SPxRem1SM:	removed 1237 row(s)
SPxRem1SM:	removed 1014 column(s)
SPxRem1SM:	removed 290 row(s)
SPxRem1SM:	removed 132 column(s)
SPxRem1SM:	removed 99 row(s)
SPxRem1SM:	removed 99 column(s)
SPxAggregateSM:	removed 11543 row(s) and column(s)
SPxAggregateSM:	delta = -9.870000e+07
SPxRedundantSM: removed 803 column(s)
SPxRedundantSM:	removed 292 row(s)
[H] Some fast-forwarding is going on, not doing deadlock detection (a: 1, ff: 1, sff: 0)
SPxAggregateSM:	removed 29828 row(s) and column(s)
SPxAggregateSM:	delta = -5.289000e+08
SPxAggregateSM:	removed 861 row(s) and column(s)
SPxAggregateSM:	delta = -5.289000e+08
removed 44150 rows
removed 44280 columns
[S 0] WARN: [0] Executing unvirtualized potentially timing-sensitive syscall: times (100)
[H] Some fast-forwarding is going on, not doing deadlock detection (a: 1, ff: 1, sff: 0)
[H] Some fast-forwarding is going on, not doing deadlock detection (a: 1, ff: 1, sff: 0)
[H] Some fast-forwarding is going on, not doing deadlock detection (a: 1, ff: 1, sff: 0)
[H] Some fast-forwarding is going on, not doing deadlock detection (a: 1, ff: 1, sff: 0)
[H] Some fast-forwarding is going on, not doing deadlock detection (a: 1, ff: 1, sff: 0)
[H] Some fast-forwarding is going on, not doing deadlock detection (a: 1, ff: 1, sff: 0)
[H] Some fast-forwarding is going on, not doing deadlock detection (a: 1, ff: 1, sff: 0)
[H] Some fast-forwarding is going on, not doing deadlock detection (a: 1, ff: 1, sff: 0)
[H] Some fast-forwarding is going on, not doing deadlock detection (a: 1, ff: 1, sff: 0)
[H] Some fast-forwarding is going on, not doing deadlock detection (a: 1, ff: 1, sff: 0)
[H] Some fast-forwarding is going on, not doing deadlock detection (a: 1, ff: 1, sff: 0)
[H] Some fast-forwarding is going on, not doing deadlock detection (a: 1, ff: 1, sff: 0)
[H] Some fast-forwarding is going on, not doing deadlock detection (a: 1, ff: 1, sff: 0)
[H] Some fast-forwarding is going on, not doing deadlock detection (a: 1, ff: 1, sff: 0)
[H] Some fast-forwarding is going on, not doing deadlock detection (a: 1, ff: 1, sff: 0)
[H] Some fast-forwarding is going on, not doing deadlock detection (a: 1, ff: 1, sff: 0)
[H] Some fast-forwarding is going on, not doing deadlock detection (a: 1, ff: 1, sff: 0)
[H] Some fast-forwarding is going on, not doing deadlock detection (a: 1, ff: 1, sff: 0)
[H] Some fast-forwarding is going on, not doing deadlock detection (a: 1, ff: 1, sff: 0)
[H] Some fast-forwarding is going on, not doing deadlock detection (a: 1, ff: 1, sff: 0)
[H] Some fast-forwarding is going on, not doing deadlock detection (a: 1, ff: 1, sff: 0)
[H] Some fast-forwarding is going on, not doing deadlock detection (a: 1, ff: 1, sff: 0)
[H] Some fast-forwarding is going on, not doing deadlock detection (a: 1, ff: 1, sff: 0)
[H] Some fast-forwarding is going on, not doing deadlock detection (a: 1, ff: 1, sff: 0)
[H] Some fast-forwarding is going on, not doing deadlock detection (a: 1, ff: 1, sff: 0)
[H] Some fast-forwarding is going on, not doing deadlock detection (a: 1, ff: 1, sff: 0)
[H] Some fast-forwarding is going on, not doing deadlock detection (a: 1, ff: 1, sff: 0)
[H] Some fast-forwarding is going on, not doing deadlock detection (a: 1, ff: 1, sff: 0)
[H] Some fast-forwarding is going on, not doing deadlock detection (a: 1, ff: 1, sff: 0)
[H] Some fast-forwarding is going on, not doing deadlock detection (a: 1, ff: 1, sff: 0)
[H] Some fast-forwarding is going on, not doing deadlock detection (a: 1, ff: 1, sff: 0)
[H] Some fast-forwarding is going on, not doing deadlock detection (a: 1, ff: 1, sff: 0)
[H] Some fast-forwarding is going on, not doing deadlock detection (a: 1, ff: 1, sff: 0)
[H] Some fast-forwarding is going on, not doing deadlock detection (a: 1, ff: 1, sff: 0)
[H] Some fast-forwarding is going on, not doing deadlock detection (a: 1, ff: 1, sff: 0)
[H] Some fast-forwarding is going on, not doing deadlock detection (a: 1, ff: 1, sff: 0)
[H] Some fast-forwarding is going on, not doing deadlock detection (a: 1, ff: 1, sff: 0)
[H] Some fast-forwarding is going on, not doing deadlock detection (a: 1, ff: 1, sff: 0)
[H] Some fast-forwarding is going on, not doing deadlock detection (a: 1, ff: 1, sff: 0)
[H] Some fast-forwarding is going on, not doing deadlock detection (a: 1, ff: 1, sff: 0)
[H] Some fast-forwarding is going on, not doing deadlock detection (a: 1, ff: 1, sff: 0)
[H] Some fast-forwarding is going on, not doing deadlock detection (a: 1, ff: 1, sff: 0)
[H] Some fast-forwarding is going on, not doing deadlock detection (a: 1, ff: 1, sff: 0)
[H] Some fast-forwarding is going on, not doing deadlock detection (a: 1, ff: 1, sff: 0)
[H] Some fast-forwarding is going on, not doing deadlock detection (a: 1, ff: 1, sff: 0)
[H] Some fast-forwarding is going on, not doing deadlock detection (a: 1, ff: 1, sff: 0)
[H] Some fast-forwarding is going on, not doing deadlock detection (a: 1, ff: 1, sff: 0)
[H] Some fast-forwarding is going on, not doing deadlock detection (a: 1, ff: 1, sff: 0)
[H] Some fast-forwarding is going on, not doing deadlock detection (a: 1, ff: 1, sff: 0)
[H] Some fast-forwarding is going on, not doing deadlock detection (a: 1, ff: 1, sff: 0)
[H] Some fast-forwarding is going on, not doing deadlock detection (a: 1, ff: 1, sff: 0)
[H] Some fast-forwarding is going on, not doing deadlock detection (a: 1, ff: 1, sff: 0)
[H] Some fast-forwarding is going on, not doing deadlock detection (a: 1, ff: 1, sff: 0)
[H] Some fast-forwarding is going on, not doing deadlock detection (a: 1, ff: 1, sff: 0)
[H] Some fast-forwarding is going on, not doing deadlock detection (a: 1, ff: 1, sff: 0)
[H] Some fast-forwarding is going on, not doing deadlock detection (a: 1, ff: 1, sff: 0)
[H] Some fast-forwarding is going on, not doing deadlock detection (a: 1, ff: 1, sff: 0)
[H] Some fast-forwarding is going on, not doing deadlock detection (a: 1, ff: 1, sff: 0)
[H] Some fast-forwarding is going on, not doing deadlock detection (a: 1, ff: 1, sff: 0)
[H] Some fast-forwarding is going on, not doing deadlock detection (a: 1, ff: 1, sff: 0)
[H] Some fast-forwarding is going on, not doing deadlock detection (a: 1, ff: 1, sff: 0)
[H] Some fast-forwarding is going on, not doing deadlock detection (a: 1, ff: 1, sff: 0)
[H] Some fast-forwarding is going on, not doing deadlock detection (a: 1, ff: 1, sff: 0)
[H] Some fast-forwarding is going on, not doing deadlock detection (a: 1, ff: 1, sff: 0)
[H] Some fast-forwarding is going on, not doing deadlock detection (a: 1, ff: 1, sff: 0)
[H] Some fast-forwarding is going on, not doing deadlock detection (a: 1, ff: 1, sff: 0)
[H] Some fast-forwarding is going on, not doing deadlock detection (a: 1, ff: 1, sff: 0)
[H] Some fast-forwarding is going on, not doing deadlock detection (a: 1, ff: 1, sff: 0)
[H] Some fast-forwarding is going on, not doing deadlock detection (a: 1, ff: 1, sff: 0)
[H] Some fast-forwarding is going on, not doing deadlock detection (a: 1, ff: 1, sff: 0)
[H] Some fast-forwarding is going on, not doing deadlock detection (a: 1, ff: 1, sff: 0)
[H] Some fast-forwarding is going on, not doing deadlock detection (a: 1, ff: 1, sff: 0)
[H] Some fast-forwarding is going on, not doing deadlock detection (a: 1, ff: 1, sff: 0)
[H] Some fast-forwarding is going on, not doing deadlock detection (a: 1, ff: 1, sff: 0)
[H] Some fast-forwarding is going on, not doing deadlock detection (a: 1, ff: 1, sff: 0)
[H] Some fast-forwarding is going on, not doing deadlock detection (a: 1, ff: 1, sff: 0)
[H] Some fast-forwarding is going on, not doing deadlock detection (a: 1, ff: 1, sff: 0)
[H] Some fast-forwarding is going on, not doing deadlock detection (a: 1, ff: 1, sff: 0)
[H] Some fast-forwarding is going on, not doing deadlock detection (a: 1, ff: 1, sff: 0)
[H] Some fast-forwarding is going on, not doing deadlock detection (a: 1, ff: 1, sff: 0)
[H] Some fast-forwarding is going on, not doing deadlock detection (a: 1, ff: 1, sff: 0)
[H] Some fast-forwarding is going on, not doing deadlock detection (a: 1, ff: 1, sff: 0)
[H] Some fast-forwarding is going on, not doing deadlock detection (a: 1, ff: 1, sff: 0)
[H] Some fast-forwarding is going on, not doing deadlock detection (a: 1, ff: 1, sff: 0)
[H] Some fast-forwarding is going on, not doing deadlock detection (a: 1, ff: 1, sff: 0)
[H] Some fast-forwarding is going on, not doing deadlock detection (a: 1, ff: 1, sff: 0)
[H] Some fast-forwarding is going on, not doing deadlock detection (a: 1, ff: 1, sff: 0)
[H] Some fast-forwarding is going on, not doing deadlock detection (a: 1, ff: 1, sff: 0)
[H] Some fast-forwarding is going on, not doing deadlock detection (a: 1, ff: 1, sff: 0)
[H] Some fast-forwarding is going on, not doing deadlock detection (a: 1, ff: 1, sff: 0)
[H] Some fast-forwarding is going on, not doing deadlock detection (a: 1, ff: 1, sff: 0)
[H] Some fast-forwarding is going on, not doing deadlock detection (a: 1, ff: 1, sff: 0)
[H] Some fast-forwarding is going on, not doing deadlock detection (a: 1, ff: 1, sff: 0)
[H] Some fast-forwarding is going on, not doing deadlock detection (a: 1, ff: 1, sff: 0)
[H] Some fast-forwarding is going on, not doing deadlock detection (a: 1, ff: 1, sff: 0)
[H] Some fast-forwarding is going on, not doing deadlock detection (a: 1, ff: 1, sff: 0)
[H] Some fast-forwarding is going on, not doing deadlock detection (a: 1, ff: 1, sff: 0)
[H] Some fast-forwarding is going on, not doing deadlock detection (a: 1, ff: 1, sff: 0)
[H] Some fast-forwarding is going on, not doing deadlock detection (a: 1, ff: 1, sff: 0)
[H] Some fast-forwarding is going on, not doing deadlock detection (a: 1, ff: 1, sff: 0)
[H] Some fast-forwarding is going on, not doing deadlock detection (a: 1, ff: 1, sff: 0)
[H] Some fast-forwarding is going on, not doing deadlock detection (a: 1, ff: 1, sff: 0)
[H] Some fast-forwarding is going on, not doing deadlock detection (a: 1, ff: 1, sff: 0)
[H] Some fast-forwarding is going on, not doing deadlock detection (a: 1, ff: 1, sff: 0)
[H] Some fast-forwarding is going on, not doing deadlock detection (a: 1, ff: 1, sff: 0)
[H] Some fast-forwarding is going on, not doing deadlock detection (a: 1, ff: 1, sff: 0)
[H] Some fast-forwarding is going on, not doing deadlock detection (a: 1, ff: 1, sff: 0)
[H] Some fast-forwarding is going on, not doing deadlock detection (a: 1, ff: 1, sff: 0)
[H] Some fast-forwarding is going on, not doing deadlock detection (a: 1, ff: 1, sff: 0)
[H] Some fast-forwarding is going on, not doing deadlock detection (a: 1, ff: 1, sff: 0)
[H] Some fast-forwarding is going on, not doing deadlock detection (a: 1, ff: 1, sff: 0)
[H] Some fast-forwarding is going on, not doing deadlock detection (a: 1, ff: 1, sff: 0)
[H] Some fast-forwarding is going on, not doing deadlock detection (a: 1, ff: 1, sff: 0)
[H] Some fast-forwarding is going on, not doing deadlock detection (a: 1, ff: 1, sff: 0)
[H] Some fast-forwarding is going on, not doing deadlock detection (a: 1, ff: 1, sff: 0)
[H] Some fast-forwarding is going on, not doing deadlock detection (a: 1, ff: 1, sff: 0)
[H] Some fast-forwarding is going on, not doing deadlock detection (a: 1, ff: 1, sff: 0)
[H] Some fast-forwarding is going on, not doing deadlock detection (a: 1, ff: 1, sff: 0)
[H] Some fast-forwarding is going on, not doing deadlock detection (a: 1, ff: 1, sff: 0)
[H] Some fast-forwarding is going on, not doing deadlock detection (a: 1, ff: 1, sff: 0)
[H] Some fast-forwarding is going on, not doing deadlock detection (a: 1, ff: 1, sff: 0)
[H] Some fast-forwarding is going on, not doing deadlock detection (a: 1, ff: 1, sff: 0)
[H] Some fast-forwarding is going on, not doing deadlock detection (a: 1, ff: 1, sff: 0)
[H] Some fast-forwarding is going on, not doing deadlock detection (a: 1, ff: 1, sff: 0)
[H] Some fast-forwarding is going on, not doing deadlock detection (a: 1, ff: 1, sff: 0)
[H] Some fast-forwarding is going on, not doing deadlock detection (a: 1, ff: 1, sff: 0)
[H] Some fast-forwarding is going on, not doing deadlock detection (a: 1, ff: 1, sff: 0)
[H] Some fast-forwarding is going on, not doing deadlock detection (a: 1, ff: 1, sff: 0)
[H] Some fast-forwarding is going on, not doing deadlock detection (a: 1, ff: 1, sff: 0)
[H] Some fast-forwarding is going on, not doing deadlock detection (a: 1, ff: 1, sff: 0)
[H] Some fast-forwarding is going on, not doing deadlock detection (a: 1, ff: 1, sff: 0)
[H] Some fast-forwarding is going on, not doing deadlock detection (a: 1, ff: 1, sff: 0)
[H] Some fast-forwarding is going on, not doing deadlock detection (a: 1, ff: 1, sff: 0)
[H] Some fast-forwarding is going on, not doing deadlock detection (a: 1, ff: 1, sff: 0)
[H] Some fast-forwarding is going on, not doing deadlock detection (a: 1, ff: 1, sff: 0)
[H] Some fast-forwarding is going on, not doing deadlock detection (a: 1, ff: 1, sff: 0)
[H] Some fast-forwarding is going on, not doing deadlock detection (a: 1, ff: 1, sff: 0)
[H] Some fast-forwarding is going on, not doing deadlock detection (a: 1, ff: 1, sff: 0)
[H] Some fast-forwarding is going on, not doing deadlock detection (a: 1, ff: 1, sff: 0)
[H] Some fast-forwarding is going on, not doing deadlock detection (a: 1, ff: 1, sff: 0)
[H] Some fast-forwarding is going on, not doing deadlock detection (a: 1, ff: 1, sff: 0)
[H] Some fast-forwarding is going on, not doing deadlock detection (a: 1, ff: 1, sff: 0)
[H] Some fast-forwarding is going on, not doing deadlock detection (a: 1, ff: 1, sff: 0)
[H] Some fast-forwarding is going on, not doing deadlock detection (a: 1, ff: 1, sff: 0)
[H] Some fast-forwarding is going on, not doing deadlock detection (a: 1, ff: 1, sff: 0)
[H] Some fast-forwarding is going on, not doing deadlock detection (a: 1, ff: 1, sff: 0)
[H] Some fast-forwarding is going on, not doing deadlock detection (a: 1, ff: 1, sff: 0)
[H] Some fast-forwarding is going on, not doing deadlock detection (a: 1, ff: 1, sff: 0)
[H] Some fast-forwarding is going on, not doing deadlock detection (a: 1, ff: 1, sff: 0)
[H] Some fast-forwarding is going on, not doing deadlock detection (a: 1, ff: 1, sff: 0)
[H] Some fast-forwarding is going on, not doing deadlock detection (a: 1, ff: 1, sff: 0)
[H] Some fast-forwarding is going on, not doing deadlock detection (a: 1, ff: 1, sff: 0)
[H] Some fast-forwarding is going on, not doing deadlock detection (a: 1, ff: 1, sff: 0)
[H] Some fast-forwarding is going on, not doing deadlock detection (a: 1, ff: 1, sff: 0)
[H] Some fast-forwarding is going on, not doing deadlock detection (a: 1, ff: 1, sff: 0)
[H] Some fast-forwarding is going on, not doing deadlock detection (a: 1, ff: 1, sff: 0)
[H] Some fast-forwarding is going on, not doing deadlock detection (a: 1, ff: 1, sff: 0)
[H] Some fast-forwarding is going on, not doing deadlock detection (a: 1, ff: 1, sff: 0)
[H] Some fast-forwarding is going on, not doing deadlock detection (a: 1, ff: 1, sff: 0)
[H] Some fast-forwarding is going on, not doing deadlock detection (a: 1, ff: 1, sff: 0)
[H] Some fast-forwarding is going on, not doing deadlock detection (a: 1, ff: 1, sff: 0)
[H] Some fast-forwarding is going on, not doing deadlock detection (a: 1, ff: 1, sff: 0)
[H] Some fast-forwarding is going on, not doing deadlock detection (a: 1, ff: 1, sff: 0)
[H] Some fast-forwarding is going on, not doing deadlock detection (a: 1, ff: 1, sff: 0)
[H] Some fast-forwarding is going on, not doing deadlock detection (a: 1, ff: 1, sff: 0)
[H] Some fast-forwarding is going on, not doing deadlock detection (a: 1, ff: 1, sff: 0)
[H] Some fast-forwarding is going on, not doing deadlock detection (a: 1, ff: 1, sff: 0)
[H] Some fast-forwarding is going on, not doing deadlock detection (a: 1, ff: 1, sff: 0)
[H] Some fast-forwarding is going on, not doing deadlock detection (a: 1, ff: 1, sff: 0)
[H] Some fast-forwarding is going on, not doing deadlock detection (a: 1, ff: 1, sff: 0)
[H] Some fast-forwarding is going on, not doing deadlock detection (a: 1, ff: 1, sff: 0)
[H] Some fast-forwarding is going on, not doing deadlock detection (a: 1, ff: 1, sff: 0)
[H] Some fast-forwarding is going on, not doing deadlock detection (a: 1, ff: 1, sff: 0)
[H] Some fast-forwarding is going on, not doing deadlock detection (a: 1, ff: 1, sff: 0)
[H] Some fast-forwarding is going on, not doing deadlock detection (a: 1, ff: 1, sff: 0)
[H] Some fast-forwarding is going on, not doing deadlock detection (a: 1, ff: 1, sff: 0)
[H] Some fast-forwarding is going on, not doing deadlock detection (a: 1, ff: 1, sff: 0)
[H] Some fast-forwarding is going on, not doing deadlock detection (a: 1, ff: 1, sff: 0)
[S 0] ffiPoint reached, 362000000001 instrs, limit 362000000000
[S 0] FFI: Exiting fast-forward
[S 0] [0] Adjusting clocks, domain 0, de-ffwd 1
[S 0] Thread 0 starting
[S 0] FFI: Entering fast-forward for process 0
[S 0] Thread 0 entering fast-forward
[S 0] Last ffiPoint reached, 362100005327 instrs, limit 362100000000
[S 0] Dumping termination stats
[S 0] Finished scheduler watchdog thread
[H] Child 3983266 done
[H] All children done, exiting
