# zsim stats
===
root: # Stats
 contention: # Contention simulation stats
  domain-0: # Domain stats
   time: 2054280755 # Weave simulation time
 time: # Simulator time breakdown
  init: 1816836340803
  bound: 12789393570
  weave: 2295949815
  ff: 0
 trigger: 20000 # Reason for this stats dump
 phase: 23328 # Simulated phases
 westmere: # Core stats
  westmere-0: # Core stats
   cycles: 233281643 # Simulated unhalted cycles
   cCycles: 45875054 # Cycles due to contention stalls
   instrs: 100005326 # Simulated instructions
   uops: 109399442 # Retired micro-ops
   bbls: 20125578 # Basic blocks
   approxInstrs: 1763978 # Instrs with approx uop decoding
   mispredBranches: 1072021 # Mispredicted branches
   condBranches: 19086853 # conditional branches
 l1i: # Cache stats
  l1i-0: # Filter cache stats
   fhGETS: 25646884 # Filtered GETS hits
   fhGETX: 0 # Filtered GETX hits
   hGETS: 200393 # GETS hits
   hGETX: 0 # GETX hits
   mGETS: 14002 # GETS misses
   mGETXIM: 0 # GETX I->M misses
   mGETXSM: 0 # GETX S->M misses (upgrade misses)
   PUTS: 0 # Clean evictions (from lower level)
   PUTX: 0 # Dirty evictions (from lower level)
   INV: 13957 # Invalidates (from upper level)
   INVX: 0 # Downgrades (from upper level)
   FWD: 0 # Forwards (from upper level)
   latGETnl: 1735906 # GET request latency on next level
   latGETnet: 0 # GET request latency on network to next level
 l1d: # Cache stats
  l1d-0: # Filter cache stats
   fhGETS: 22844487 # Filtered GETS hits
   fhGETX: 4097876 # Filtered GETX hits
   hGETS: 2328622 # GETS hits
   hGETX: 2506328 # GETX hits
   mGETS: 3485709 # GETS misses
   mGETXIM: 754476 # GETX I->M misses
   mGETXSM: 0 # GETX S->M misses (upgrade misses)
   PUTS: 0 # Clean evictions (from lower level)
   PUTX: 0 # Dirty evictions (from lower level)
   INV: 825329 # Invalidates (from upper level)
   INVX: 0 # Downgrades (from upper level)
   FWD: 0 # Forwards (from upper level)
   latGETnl: 335317014 # GET request latency on next level
   latGETnet: 0 # GET request latency on network to next level
 l2: # Cache stats
  l2-0: # Cache stats
   hGETS: 668520 # GETS hits
   hGETX: 80467 # GETX hits
   mGETS: 2831191 # GETS misses
   mGETXIM: 674009 # GETX I->M misses
   mGETXSM: 0 # GETX S->M misses (upgrade misses)
   PUTS: 1985431 # Clean evictions (from lower level)
   PUTX: 1428929 # Dirty evictions (from lower level)
   INV: 1639272 # Invalidates (from upper level)
   INVX: 0 # Downgrades (from upper level)
   FWD: 0 # Forwards (from upper level)
   latGETnl: 294511050 # GET request latency on next level
   latGETnet: 0 # GET request latency on network to next level
 l3: # Cache stats
  l3-0: # Cache stats
   hGETS: 957407 # GETS hits
   hGETX: 210168 # GETX hits
   mGETS: 1873784 # GETS misses
   mGETXIM: 463841 # GETX I->M misses
   mGETXSM: 0 # GETX S->M misses (upgrade misses)
   PUTS: 1059855 # Clean evictions (from lower level)
   PUTX: 802098 # Dirty evictions (from lower level)
   INV: 0 # Invalidates (from upper level)
   INVX: 0 # Downgrades (from upper level)
   FWD: 0 # Forwards (from upper level)
   latGETnl: 210386250 # GET request latency on next level
   latGETnet: 0 # GET request latency on network to next level
 mem: # Memory controller stats
  mem-0: # Memory controller stats
   rd: 584010 # Read requests
   wr: 223202 # Write requests
   rdlat: 79578623 # Total latency experienced by read requests
   wrlat: 34930864 # Total latency experienced by write requests
   rdhits: 12361 # Read row hits
   wrhits: 5440 # Write row hits
   mlh: # latency histogram for memory requests
    0: 0
    1: 0
    2: 0
    3: 0
    4: 0
    5: 0
    6: 0
    7: 0
    8: 0
    9: 1
    10: 1
    11: 707
    12: 714
    13: 520346
    14: 34706
    15: 8971
    16: 3845
    17: 1627
    18: 806
    19: 1015
    20: 958
    21: 925
    22: 652
    23: 855
    24: 1130
    25: 871
    26: 236
    27: 230
    28: 271
    29: 304
    30: 357
    31: 355
    32: 317
    33: 307
    34: 358
    35: 386
    36: 357
    37: 323
    38: 311
    39: 320
    40: 319
    41: 319
    42: 333
    43: 176
    44: 60
    45: 55
    46: 46
    47: 56
    48: 43
    49: 13
    50: 10
    51: 6
    52: 2
    53: 4
    54: 2
    55: 1
    56: 1
    57: 0
    58: 1
    59: 0
    60: 0
    61: 0
    62: 0
    63: 0
    64: 0
    65: 1
    66: 0
    67: 0
    68: 0
    69: 0
    70: 0
    71: 0
    72: 0
    73: 0
    74: 0
    75: 0
    76: 0
    77: 0
    78: 0
    79: 0
    80: 0
    81: 0
    82: 0
    83: 0
    84: 0
    85: 0
    86: 0
    87: 0
    88: 0
    89: 0
    90: 0
    91: 0
    92: 0
    93: 0
    94: 0
    95: 0
    96: 0
    97: 0
    98: 0
    99: 0
  mem-1: # Memory controller stats
   rd: 584993 # Read requests
   wr: 223098 # Write requests
   rdlat: 79702042 # Total latency experienced by read requests
   wrlat: 34887380 # Total latency experienced by write requests
   rdhits: 12105 # Read row hits
   wrhits: 5645 # Write row hits
   mlh: # latency histogram for memory requests
    0: 0
    1: 0
    2: 0
    3: 0
    4: 0
    5: 0
    6: 0
    7: 0
    8: 0
    9: 2
    10: 3
    11: 730
    12: 777
    13: 521158
    14: 35145
    15: 8924
    16: 3772
    17: 1481
    18: 800
    19: 821
    20: 965
    21: 966
    22: 590
    23: 814
    24: 1246
    25: 886
    26: 228
    27: 240
    28: 280
    29: 313
    30: 311
    31: 331
    32: 359
    33: 334
    34: 382
    35: 392
    36: 338
    37: 357
    38: 346
    39: 347
    40: 325
    41: 286
    42: 323
    43: 159
    44: 56
    45: 39
    46: 44
    47: 59
    48: 39
    49: 8
    50: 7
    51: 3
    52: 1
    53: 4
    54: 2
    55: 0
    56: 0
    57: 0
    58: 0
    59: 0
    60: 0
    61: 0
    62: 0
    63: 0
    64: 0
    65: 0
    66: 0
    67: 0
    68: 0
    69: 0
    70: 0
    71: 0
    72: 0
    73: 0
    74: 0
    75: 0
    76: 0
    77: 0
    78: 0
    79: 0
    80: 0
    81: 0
    82: 0
    83: 0
    84: 0
    85: 0
    86: 0
    87: 0
    88: 0
    89: 0
    90: 0
    91: 0
    92: 0
    93: 0
    94: 0
    95: 0
    96: 0
    97: 0
    98: 0
    99: 0
  mem-2: # Memory controller stats
   rd: 583386 # Read requests
   wr: 222143 # Write requests
   rdlat: 79525275 # Total latency experienced by read requests
   wrlat: 34724063 # Total latency experienced by write requests
   rdhits: 12280 # Read row hits
   wrhits: 5554 # Write row hits
   mlh: # latency histogram for memory requests
    0: 0
    1: 0
    2: 0
    3: 0
    4: 0
    5: 0
    6: 0
    7: 0
    8: 0
    9: 1
    10: 1
    11: 712
    12: 783
    13: 518224
    14: 36530
    15: 8526
    16: 3739
    17: 1657
    18: 790
    19: 937
    20: 986
    21: 967
    22: 645
    23: 806
    24: 1316
    25: 935
    26: 262
    27: 249
    28: 271
    29: 271
    30: 341
    31: 351
    32: 311
    33: 330
    34: 347
    35: 357
    36: 361
    37: 323
    38: 305
    39: 332
    40: 321
    41: 331
    42: 328
    43: 163
    44: 51
    45: 42
    46: 54
    47: 59
    48: 37
    49: 7
    50: 5
    51: 5
    52: 4
    53: 0
    54: 0
    55: 2
    56: 1
    57: 0
    58: 0
    59: 0
    60: 3
    61: 2
    62: 2
    63: 0
    64: 0
    65: 0
    66: 2
    67: 0
    68: 0
    69: 0
    70: 0
    71: 0
    72: 1
    73: 0
    74: 0
    75: 0
    76: 0
    77: 0
    78: 0
    79: 0
    80: 0
    81: 0
    82: 0
    83: 0
    84: 0
    85: 0
    86: 0
    87: 0
    88: 0
    89: 0
    90: 0
    91: 0
    92: 0
    93: 0
    94: 0
    95: 0
    96: 0
    97: 0
    98: 0
    99: 0
  mem-3: # Memory controller stats
   rd: 585226 # Read requests
   wr: 222621 # Write requests
   rdlat: 79725120 # Total latency experienced by read requests
   wrlat: 34722087 # Total latency experienced by write requests
   rdhits: 12440 # Read row hits
   wrhits: 5415 # Write row hits
   mlh: # latency histogram for memory requests
    0: 0
    1: 0
    2: 0
    3: 0
    4: 0
    5: 0
    6: 0
    7: 0
    8: 0
    9: 0
    10: 1
    11: 743
    12: 776
    13: 521658
    14: 35277
    15: 8712
    16: 3632
    17: 1423
    18: 793
    19: 880
    20: 896
    21: 899
    22: 685
    23: 847
    24: 1355
    25: 765
    26: 237
    27: 251
    28: 263
    29: 328
    30: 327
    31: 319
    32: 295
    33: 325
    34: 406
    35: 362
    36: 347
    37: 359
    38: 282
    39: 324
    40: 320
    41: 329
    42: 352
    43: 154
    44: 70
    45: 43
    46: 48
    47: 61
    48: 52
    49: 9
    50: 7
    51: 3
    52: 1
    53: 5
    54: 2
    55: 3
    56: 0
    57: 0
    58: 0
    59: 0
    60: 0
    61: 0
    62: 0
    63: 0
    64: 0
    65: 0
    66: 0
    67: 0
    68: 0
    69: 0
    70: 0
    71: 0
    72: 0
    73: 0
    74: 0
    75: 0
    76: 0
    77: 0
    78: 0
    79: 0
    80: 0
    81: 0
    82: 0
    83: 0
    84: 0
    85: 0
    86: 0
    87: 0
    88: 0
    89: 0
    90: 0
    91: 0
    92: 0
    93: 0
    94: 0
    95: 0
    96: 0
    97: 0
    98: 0
    99: 0
 sched: # Scheduler stats
  thCr: 1 # Threads created
  thFn: 1 # Threads finished
  schedEvs: 1 # Schedule events
  waitEvs: 0 # Wait events
  handoffEvs: 0 # Handoff events
  sleepEvs: 0 # Sleep events
  idlePhases: 0 # Phases with no thread active
  idlePeriods: 0 # Periods with no thread active
  occHist: # Occupancy histogram
   0: 0
   1: 23328
  rqSzHist: # Run queue size histogram
   0: 23328
   1: 0
   2: 0
   3: 0
   4: 0
   5: 0
   6: 0
   7: 0
   8: 0
   9: 0
   10: 0
   11: 0
   12: 0
   13: 0
   14: 0
   15: 0
   16: 0
 procCycles: # Per-process unhalted core cycles
  0: 233281643
  1: 0
  2: 0
  3: 0
  4: 0
  5: 0
  6: 0
  7: 0
  8: 0
  9: 0
  10: 0
  11: 0
  12: 0
  13: 0
  14: 0
  15: 0
  16: 0
  17: 0
  18: 0
  19: 0
  20: 0
  21: 0
  22: 0
  23: 0
  24: 0
  25: 0
  26: 0
  27: 0
  28: 0
  29: 0
  30: 0
  31: 0
  32: 0
  33: 0
  34: 0
  35: 0
  36: 0
  37: 0
  38: 0
  39: 0
  40: 0
  41: 0
  42: 0
  43: 0
  44: 0
  45: 0
  46: 0
  47: 0
  48: 0
  49: 0
  50: 0
  51: 0
  52: 0
  53: 0
  54: 0
  55: 0
  56: 0
  57: 0
  58: 0
  59: 0
  60: 0
  61: 0
  62: 0
  63: 0
 procInstrs: # Per-process instructions
  0: 100005326
  1: 0
  2: 0
  3: 0
  4: 0
  5: 0
  6: 0
  7: 0
  8: 0
  9: 0
  10: 0
  11: 0
  12: 0
  13: 0
  14: 0
  15: 0
  16: 0
  17: 0
  18: 0
  19: 0
  20: 0
  21: 0
  22: 0
  23: 0
  24: 0
  25: 0
  26: 0
  27: 0
  28: 0
  29: 0
  30: 0
  31: 0
  32: 0
  33: 0
  34: 0
  35: 0
  36: 0
  37: 0
  38: 0
  39: 0
  40: 0
  41: 0
  42: 0
  43: 0
  44: 0
  45: 0
  46: 0
  47: 0
  48: 0
  49: 0
  50: 0
  51: 0
  52: 0
  53: 0
  54: 0
  55: 0
  56: 0
  57: 0
  58: 0
  59: 0
  60: 0
  61: 0
  62: 0
  63: 0
 heartbeats: # Per-process heartbeats
  0: 0
  1: 0
  2: 0
  3: 0
  4: 0
  5: 0
  6: 0
  7: 0
  8: 0
  9: 0
  10: 0
  11: 0
  12: 0
  13: 0
  14: 0
  15: 0
  16: 0
  17: 0
  18: 0
  19: 0
  20: 0
  21: 0
  22: 0
  23: 0
  24: 0
  25: 0
  26: 0
  27: 0
  28: 0
  29: 0
  30: 0
  31: 0
  32: 0
  33: 0
  34: 0
  35: 0
  36: 0
  37: 0
  38: 0
  39: 0
  40: 0
  41: 0
  42: 0
  43: 0
  44: 0
  45: 0
  46: 0
  47: 0
  48: 0
  49: 0
  50: 0
  51: 0
  52: 0
  53: 0
  54: 0
  55: 0
  56: 0
  57: 0
  58: 0
  59: 0
  60: 0
  61: 0
  62: 0
  63: 0
===
