# zsim stats
===
root: # Stats
 contention: # Contention simulation stats
  domain-0: # Domain stats
   time: 475981307 # Weave simulation time
 time: # Simulator time breakdown
  init: 611140857432
  bound: 11203552295
  weave: 594303277
  ff: 0
 trigger: 20000 # Reason for this stats dump
 phase: 12335 # Simulated phases
 westmere: # Core stats
  westmere-0: # Core stats
   cycles: 123350001 # Simulated unhalted cycles
   cCycles: 8657708 # Cycles due to contention stalls
   instrs: 100016482 # Simulated instructions
   uops: 119760731 # Retired micro-ops
   bbls: 21932902 # Basic blocks
   approxInstrs: 221020 # Instrs with approx uop decoding
   mispredBranches: 1073219 # Mispredicted branches
   condBranches: 17146352 # conditional branches
 l1i: # Cache stats
  l1i-0: # Filter cache stats
   fhGETS: 24367280 # Filtered GETS hits
   fhGETX: 0 # Filtered GETX hits
   hGETS: 1889749 # GETS hits
   hGETX: 0 # GETX hits
   mGETS: 679771 # GETS misses
   mGETXIM: 0 # GETX I->M misses
   mGETXSM: 0 # GETX S->M misses (upgrade misses)
   PUTS: 0 # Clean evictions (from lower level)
   PUTX: 0 # Dirty evictions (from lower level)
   INV: 5637 # Invalidates (from upper level)
   INVX: 0 # Downgrades (from upper level)
   FWD: 0 # Forwards (from upper level)
   latGETnl: 9116872 # GET request latency on next level
   latGETnet: 0 # GET request latency on network to next level
 l1d: # Cache stats
  l1d-0: # Filter cache stats
   fhGETS: 22841530 # Filtered GETS hits
   fhGETX: 16021887 # Filtered GETX hits
   hGETS: 1749863 # GETS hits
   hGETX: 922152 # GETX hits
   mGETS: 1502813 # GETS misses
   mGETXIM: 1942230 # GETX I->M misses
   mGETXSM: 0 # GETX S->M misses (upgrade misses)
   PUTS: 0 # Clean evictions (from lower level)
   PUTX: 0 # Dirty evictions (from lower level)
   INV: 171945 # Invalidates (from upper level)
   INVX: 0 # Downgrades (from upper level)
   FWD: 0 # Forwards (from upper level)
   latGETnl: 117637148 # GET request latency on next level
   latGETnet: 0 # GET request latency on network to next level
 l2: # Cache stats
  l2-0: # Cache stats
   hGETS: 1107306 # GETS hits
   hGETX: 1122598 # GETX hits
   mGETS: 1075278 # GETS misses
   mGETXIM: 819632 # GETX I->M misses
   mGETXSM: 0 # GETX S->M misses (upgrade misses)
   PUTS: 1776314 # Clean evictions (from lower level)
   PUTX: 2169895 # Dirty evictions (from lower level)
   INV: 284778 # Invalidates (from upper level)
   INVX: 0 # Downgrades (from upper level)
   FWD: 0 # Forwards (from upper level)
   latGETnl: 85505880 # GET request latency on next level
   latGETnet: 0 # GET request latency on network to next level
 l3: # Cache stats
  l3-0: # Cache stats
   hGETS: 826152 # GETS hits
   hGETX: 624002 # GETX hits
   mGETS: 249126 # GETS misses
   mGETXIM: 195630 # GETX I->M misses
   mGETXSM: 0 # GETX S->M misses (upgrade misses)
   PUTS: 786398 # Clean evictions (from lower level)
   PUTX: 819639 # Dirty evictions (from lower level)
   INV: 0 # Invalidates (from upper level)
   INVX: 0 # Downgrades (from upper level)
   FWD: 0 # Forwards (from upper level)
   latGETnl: 40028040 # GET request latency on next level
   latGETnet: 0 # GET request latency on network to next level
 mem: # Memory controller stats
  mem-0: # Memory controller stats
   rd: 111767 # Read requests
   wr: 59332 # Write requests
   rdlat: 15248075 # Total latency experienced by read requests
   wrlat: 9277424 # Total latency experienced by write requests
   rdhits: 19 # Read row hits
   wrhits: 89 # Write row hits
   mlh: # latency histogram for memory requests
    0: 0
    1: 0
    2: 0
    3: 0
    4: 0
    5: 0
    6: 0
    7: 0
    8: 0
    9: 0
    10: 1
    11: 0
    12: 3
    13: 100953
    14: 2947
    15: 3196
    16: 1271
    17: 498
    18: 345
    19: 442
    20: 298
    21: 154
    22: 150
    23: 98
    24: 153
    25: 140
    26: 46
    27: 45
    28: 47
    29: 36
    30: 49
    31: 54
    32: 89
    33: 49
    34: 42
    35: 53
    36: 66
    37: 93
    38: 82
    39: 68
    40: 69
    41: 68
    42: 64
    43: 41
    44: 11
    45: 14
    46: 15
    47: 9
    48: 5
    49: 0
    50: 0
    51: 0
    52: 2
    53: 0
    54: 0
    55: 0
    56: 1
    57: 0
    58: 0
    59: 0
    60: 0
    61: 0
    62: 0
    63: 0
    64: 0
    65: 0
    66: 0
    67: 0
    68: 0
    69: 0
    70: 0
    71: 0
    72: 0
    73: 0
    74: 0
    75: 0
    76: 0
    77: 0
    78: 0
    79: 0
    80: 0
    81: 0
    82: 0
    83: 0
    84: 0
    85: 0
    86: 0
    87: 0
    88: 0
    89: 0
    90: 0
    91: 0
    92: 0
    93: 0
    94: 0
    95: 0
    96: 0
    97: 0
    98: 0
    99: 0
  mem-1: # Memory controller stats
   rd: 109056 # Read requests
   wr: 59457 # Write requests
   rdlat: 14784041 # Total latency experienced by read requests
   wrlat: 9090019 # Total latency experienced by write requests
   rdhits: 33 # Read row hits
   wrhits: 125 # Write row hits
   mlh: # latency histogram for memory requests
    0: 0
    1: 0
    2: 0
    3: 0
    4: 0
    5: 0
    6: 0
    7: 0
    8: 0
    9: 1
    10: 0
    11: 2
    12: 5
    13: 100089
    14: 2753
    15: 3162
    16: 924
    17: 182
    18: 173
    19: 192
    20: 147
    21: 96
    22: 82
    23: 51
    24: 73
    25: 48
    26: 32
    27: 32
    28: 43
    29: 36
    30: 63
    31: 65
    32: 45
    33: 51
    34: 51
    35: 57
    36: 83
    37: 100
    38: 69
    39: 79
    40: 70
    41: 52
    42: 67
    43: 30
    44: 17
    45: 13
    46: 12
    47: 8
    48: 0
    49: 1
    50: 0
    51: 0
    52: 0
    53: 0
    54: 0
    55: 0
    56: 0
    57: 0
    58: 0
    59: 0
    60: 0
    61: 0
    62: 0
    63: 0
    64: 0
    65: 0
    66: 0
    67: 0
    68: 0
    69: 0
    70: 0
    71: 0
    72: 0
    73: 0
    74: 0
    75: 0
    76: 0
    77: 0
    78: 0
    79: 0
    80: 0
    81: 0
    82: 0
    83: 0
    84: 0
    85: 0
    86: 0
    87: 0
    88: 0
    89: 0
    90: 0
    91: 0
    92: 0
    93: 0
    94: 0
    95: 0
    96: 0
    97: 0
    98: 0
    99: 0
  mem-2: # Memory controller stats
   rd: 113972 # Read requests
   wr: 60177 # Write requests
   rdlat: 15538065 # Total latency experienced by read requests
   wrlat: 9400774 # Total latency experienced by write requests
   rdhits: 25 # Read row hits
   wrhits: 104 # Write row hits
   mlh: # latency histogram for memory requests
    0: 0
    1: 0
    2: 0
    3: 0
    4: 0
    5: 0
    6: 0
    7: 0
    8: 0
    9: 0
    10: 0
    11: 2
    12: 3
    13: 103275
    14: 3124
    15: 2991
    16: 1367
    17: 352
    18: 249
    19: 447
    20: 246
    21: 128
    22: 202
    23: 185
    24: 148
    25: 108
    26: 32
    27: 36
    28: 45
    29: 36
    30: 56
    31: 70
    32: 75
    33: 53
    34: 59
    35: 67
    36: 77
    37: 91
    38: 65
    39: 80
    40: 80
    41: 60
    42: 79
    43: 25
    44: 17
    45: 11
    46: 17
    47: 6
    48: 4
    49: 0
    50: 3
    51: 0
    52: 0
    53: 0
    54: 1
    55: 0
    56: 0
    57: 0
    58: 0
    59: 0
    60: 0
    61: 0
    62: 0
    63: 0
    64: 0
    65: 0
    66: 0
    67: 0
    68: 0
    69: 0
    70: 0
    71: 0
    72: 0
    73: 0
    74: 0
    75: 0
    76: 0
    77: 0
    78: 0
    79: 0
    80: 0
    81: 0
    82: 0
    83: 0
    84: 0
    85: 0
    86: 0
    87: 0
    88: 0
    89: 0
    90: 0
    91: 0
    92: 0
    93: 0
    94: 0
    95: 0
    96: 0
    97: 0
    98: 0
    99: 0
  mem-3: # Memory controller stats
   rd: 109961 # Read requests
   wr: 60342 # Write requests
   rdlat: 14934978 # Total latency experienced by read requests
   wrlat: 9351866 # Total latency experienced by write requests
   rdhits: 36 # Read row hits
   wrhits: 114 # Write row hits
   mlh: # latency histogram for memory requests
    0: 0
    1: 0
    2: 0
    3: 0
    4: 0
    5: 0
    6: 0
    7: 0
    8: 0
    9: 0
    10: 0
    11: 3
    12: 5
    13: 99845
    14: 3465
    15: 3179
    16: 1106
    17: 281
    18: 169
    19: 321
    20: 181
    21: 67
    22: 69
    23: 58
    24: 78
    25: 30
    26: 32
    27: 26
    28: 47
    29: 51
    30: 48
    31: 61
    32: 64
    33: 53
    34: 38
    35: 55
    36: 84
    37: 97
    38: 75
    39: 74
    40: 85
    41: 56
    42: 76
    43: 29
    44: 14
    45: 14
    46: 10
    47: 11
    48: 2
    49: 0
    50: 1
    51: 0
    52: 0
    53: 1
    54: 0
    55: 0
    56: 0
    57: 0
    58: 0
    59: 0
    60: 0
    61: 0
    62: 0
    63: 0
    64: 0
    65: 0
    66: 0
    67: 0
    68: 0
    69: 0
    70: 0
    71: 0
    72: 0
    73: 0
    74: 0
    75: 0
    76: 0
    77: 0
    78: 0
    79: 0
    80: 0
    81: 0
    82: 0
    83: 0
    84: 0
    85: 0
    86: 0
    87: 0
    88: 0
    89: 0
    90: 0
    91: 0
    92: 0
    93: 0
    94: 0
    95: 0
    96: 0
    97: 0
    98: 0
    99: 0
 sched: # Scheduler stats
  thCr: 1 # Threads created
  thFn: 1 # Threads finished
  schedEvs: 1 # Schedule events
  waitEvs: 0 # Wait events
  handoffEvs: 0 # Handoff events
  sleepEvs: 0 # Sleep events
  idlePhases: 0 # Phases with no thread active
  idlePeriods: 0 # Periods with no thread active
  occHist: # Occupancy histogram
   0: 0
   1: 12335
  rqSzHist: # Run queue size histogram
   0: 12335
   1: 0
   2: 0
   3: 0
   4: 0
   5: 0
   6: 0
   7: 0
   8: 0
   9: 0
   10: 0
   11: 0
   12: 0
   13: 0
   14: 0
   15: 0
   16: 0
 procCycles: # Per-process unhalted core cycles
  0: 123350001
  1: 0
  2: 0
  3: 0
  4: 0
  5: 0
  6: 0
  7: 0
  8: 0
  9: 0
  10: 0
  11: 0
  12: 0
  13: 0
  14: 0
  15: 0
  16: 0
  17: 0
  18: 0
  19: 0
  20: 0
  21: 0
  22: 0
  23: 0
  24: 0
  25: 0
  26: 0
  27: 0
  28: 0
  29: 0
  30: 0
  31: 0
  32: 0
  33: 0
  34: 0
  35: 0
  36: 0
  37: 0
  38: 0
  39: 0
  40: 0
  41: 0
  42: 0
  43: 0
  44: 0
  45: 0
  46: 0
  47: 0
  48: 0
  49: 0
  50: 0
  51: 0
  52: 0
  53: 0
  54: 0
  55: 0
  56: 0
  57: 0
  58: 0
  59: 0
  60: 0
  61: 0
  62: 0
  63: 0
 procInstrs: # Per-process instructions
  0: 100016482
  1: 0
  2: 0
  3: 0
  4: 0
  5: 0
  6: 0
  7: 0
  8: 0
  9: 0
  10: 0
  11: 0
  12: 0
  13: 0
  14: 0
  15: 0
  16: 0
  17: 0
  18: 0
  19: 0
  20: 0
  21: 0
  22: 0
  23: 0
  24: 0
  25: 0
  26: 0
  27: 0
  28: 0
  29: 0
  30: 0
  31: 0
  32: 0
  33: 0
  34: 0
  35: 0
  36: 0
  37: 0
  38: 0
  39: 0
  40: 0
  41: 0
  42: 0
  43: 0
  44: 0
  45: 0
  46: 0
  47: 0
  48: 0
  49: 0
  50: 0
  51: 0
  52: 0
  53: 0
  54: 0
  55: 0
  56: 0
  57: 0
  58: 0
  59: 0
  60: 0
  61: 0
  62: 0
  63: 0
 heartbeats: # Per-process heartbeats
  0: 0
  1: 0
  2: 0
  3: 0
  4: 0
  5: 0
  6: 0
  7: 0
  8: 0
  9: 0
  10: 0
  11: 0
  12: 0
  13: 0
  14: 0
  15: 0
  16: 0
  17: 0
  18: 0
  19: 0
  20: 0
  21: 0
  22: 0
  23: 0
  24: 0
  25: 0
  26: 0
  27: 0
  28: 0
  29: 0
  30: 0
  31: 0
  32: 0
  33: 0
  34: 0
  35: 0
  36: 0
  37: 0
  38: 0
  39: 0
  40: 0
  41: 0
  42: 0
  43: 0
  44: 0
  45: 0
  46: 0
  47: 0
  48: 0
  49: 0
  50: 0
  51: 0
  52: 0
  53: 0
  54: 0
  55: 0
  56: 0
  57: 0
  58: 0
  59: 0
  60: 0
  61: 0
  62: 0
  63: 0
===
