# zsim stats
===
root: # Stats
 contention: # Contention simulation stats
  domain-0: # Domain stats
   time: 366549443 # Weave simulation time
 time: # Simulator time breakdown
  init: 57968263574
  bound: 8744261977
  weave: 471215756
  ff: 0
 trigger: 20000 # Reason for this stats dump
 phase: 11155 # Simulated phases
 westmere: # Core stats
  westmere-0: # Core stats
   cycles: 111550169 # Simulated unhalted cycles
   cCycles: 9565744 # Cycles due to contention stalls
   instrs: 100002923 # Simulated instructions
   uops: 113803026 # Retired micro-ops
   bbls: 14845474 # Basic blocks
   approxInstrs: 596117 # Instrs with approx uop decoding
   mispredBranches: 789657 # Mispredicted branches
   condBranches: 12874514 # conditional branches
 l1i: # Cache stats
  l1i-0: # Filter cache stats
   fhGETS: 19522612 # Filtered GETS hits
   fhGETX: 0 # Filtered GETX hits
   hGETS: 195 # GETS hits
   hGETX: 0 # GETX hits
   mGETS: 41950 # GETS misses
   mGETXIM: 0 # GETX I->M misses
   mGETXSM: 0 # GETX S->M misses (upgrade misses)
   PUTS: 0 # Clean evictions (from lower level)
   PUTX: 0 # Dirty evictions (from lower level)
   INV: 41922 # Invalidates (from upper level)
   INVX: 0 # Downgrades (from upper level)
   FWD: 0 # Forwards (from upper level)
   latGETnl: 5201800 # GET request latency on next level
   latGETnet: 0 # GET request latency on network to next level
 l1d: # Cache stats
  l1d-0: # Filter cache stats
   fhGETS: 25378590 # Filtered GETS hits
   fhGETX: 11419420 # Filtered GETX hits
   hGETS: 979877 # GETS hits
   hGETX: 1642492 # GETX hits
   mGETS: 1937024 # GETS misses
   mGETXIM: 1095188 # GETX I->M misses
   mGETXSM: 0 # GETX S->M misses (upgrade misses)
   PUTS: 0 # Clean evictions (from lower level)
   PUTX: 0 # Dirty evictions (from lower level)
   INV: 42856 # Invalidates (from upper level)
   INVX: 0 # Downgrades (from upper level)
   FWD: 0 # Forwards (from upper level)
   latGETnl: 103930660 # GET request latency on next level
   latGETnet: 0 # GET request latency on network to next level
 l2: # Cache stats
  l2-0: # Cache stats
   hGETS: 940097 # GETS hits
   hGETX: 119455 # GETX hits
   mGETS: 1038877 # GETS misses
   mGETXIM: 975733 # GETX I->M misses
   mGETXSM: 0 # GETX S->M misses (upgrade misses)
   PUTS: 916596 # Clean evictions (from lower level)
   PUTX: 2072250 # Dirty evictions (from lower level)
   INV: 127270 # Invalidates (from upper level)
   INVX: 0 # Downgrades (from upper level)
   FWD: 0 # Forwards (from upper level)
   latGETnl: 78390840 # GET request latency on next level
   latGETnet: 0 # GET request latency on network to next level
 l3: # Cache stats
  l3-0: # Cache stats
   hGETS: 887845 # GETS hits
   hGETX: 792985 # GETX hits
   mGETS: 151032 # GETS misses
   mGETXIM: 182748 # GETX I->M misses
   mGETXSM: 0 # GETX S->M misses (upgrade misses)
   PUTS: 545722 # Clean evictions (from lower level)
   PUTX: 1337546 # Dirty evictions (from lower level)
   INV: 0 # Invalidates (from upper level)
   INVX: 0 # Downgrades (from upper level)
   FWD: 0 # Forwards (from upper level)
   latGETnl: 30040200 # GET request latency on next level
   latGETnet: 0 # GET request latency on network to next level
 mem: # Memory controller stats
  mem-0: # Memory controller stats
   rd: 97116 # Read requests
   wr: 47304 # Write requests
   rdlat: 13197641 # Total latency experienced by read requests
   wrlat: 7116975 # Total latency experienced by write requests
   rdhits: 1509 # Read row hits
   wrhits: 610 # Write row hits
   mlh: # latency histogram for memory requests
    0: 0
    1: 0
    2: 0
    3: 0
    4: 0
    5: 0
    6: 0
    7: 0
    8: 0
    9: 0
    10: 0
    11: 197
    12: 250
    13: 89001
    14: 2169
    15: 1404
    16: 830
    17: 400
    18: 387
    19: 411
    20: 425
    21: 298
    22: 130
    23: 133
    24: 124
    25: 72
    26: 47
    27: 41
    28: 44
    29: 48
    30: 46
    31: 47
    32: 56
    33: 52
    34: 52
    35: 52
    36: 36
    37: 44
    38: 52
    39: 44
    40: 44
    41: 57
    42: 63
    43: 28
    44: 8
    45: 5
    46: 6
    47: 5
    48: 1
    49: 2
    50: 0
    51: 2
    52: 3
    53: 0
    54: 0
    55: 0
    56: 0
    57: 0
    58: 0
    59: 0
    60: 0
    61: 0
    62: 0
    63: 0
    64: 0
    65: 0
    66: 0
    67: 0
    68: 0
    69: 0
    70: 0
    71: 0
    72: 0
    73: 0
    74: 0
    75: 0
    76: 0
    77: 0
    78: 0
    79: 0
    80: 0
    81: 0
    82: 0
    83: 0
    84: 0
    85: 0
    86: 0
    87: 0
    88: 0
    89: 0
    90: 0
    91: 0
    92: 0
    93: 0
    94: 0
    95: 0
    96: 0
    97: 0
    98: 0
    99: 0
  mem-1: # Memory controller stats
   rd: 80158 # Read requests
   wr: 47286 # Write requests
   rdlat: 10954324 # Total latency experienced by read requests
   wrlat: 7102941 # Total latency experienced by write requests
   rdhits: 1604 # Read row hits
   wrhits: 600 # Write row hits
   mlh: # latency histogram for memory requests
    0: 0
    1: 0
    2: 0
    3: 0
    4: 0
    5: 0
    6: 0
    7: 0
    8: 0
    9: 0
    10: 0
    11: 198
    12: 236
    13: 72522
    14: 2023
    15: 1285
    16: 778
    17: 314
    18: 363
    19: 405
    20: 491
    21: 295
    22: 130
    23: 137
    24: 105
    25: 65
    26: 33
    27: 33
    28: 37
    29: 36
    30: 44
    31: 42
    32: 39
    33: 41
    34: 67
    35: 35
    36: 42
    37: 51
    38: 52
    39: 39
    40: 52
    41: 44
    42: 55
    43: 25
    44: 8
    45: 6
    46: 9
    47: 11
    48: 5
    49: 0
    50: 3
    51: 2
    52: 0
    53: 0
    54: 0
    55: 0
    56: 0
    57: 0
    58: 0
    59: 0
    60: 0
    61: 0
    62: 0
    63: 0
    64: 0
    65: 0
    66: 0
    67: 0
    68: 0
    69: 0
    70: 0
    71: 0
    72: 0
    73: 0
    74: 0
    75: 0
    76: 0
    77: 0
    78: 0
    79: 0
    80: 0
    81: 0
    82: 0
    83: 0
    84: 0
    85: 0
    86: 0
    87: 0
    88: 0
    89: 0
    90: 0
    91: 0
    92: 0
    93: 0
    94: 0
    95: 0
    96: 0
    97: 0
    98: 0
    99: 0
  mem-2: # Memory controller stats
   rd: 78362 # Read requests
   wr: 47381 # Write requests
   rdlat: 10726756 # Total latency experienced by read requests
   wrlat: 7140950 # Total latency experienced by write requests
   rdhits: 1771 # Read row hits
   wrhits: 631 # Write row hits
   mlh: # latency histogram for memory requests
    0: 0
    1: 0
    2: 0
    3: 0
    4: 0
    5: 0
    6: 0
    7: 0
    8: 0
    9: 1
    10: 1
    11: 241
    12: 284
    13: 70088
    14: 2424
    15: 1311
    16: 772
    17: 385
    18: 407
    19: 437
    20: 436
    21: 291
    22: 121
    23: 140
    24: 124
    25: 68
    26: 38
    27: 33
    28: 50
    29: 38
    30: 42
    31: 46
    32: 36
    33: 50
    34: 42
    35: 33
    36: 53
    37: 56
    38: 38
    39: 40
    40: 55
    41: 49
    42: 59
    43: 30
    44: 9
    45: 11
    46: 4
    47: 10
    48: 2
    49: 0
    50: 1
    51: 1
    52: 1
    53: 2
    54: 1
    55: 1
    56: 0
    57: 0
    58: 0
    59: 0
    60: 0
    61: 0
    62: 0
    63: 0
    64: 0
    65: 0
    66: 0
    67: 0
    68: 0
    69: 0
    70: 0
    71: 0
    72: 0
    73: 0
    74: 0
    75: 0
    76: 0
    77: 0
    78: 0
    79: 0
    80: 0
    81: 0
    82: 0
    83: 0
    84: 0
    85: 0
    86: 0
    87: 0
    88: 0
    89: 0
    90: 0
    91: 0
    92: 0
    93: 0
    94: 0
    95: 0
    96: 0
    97: 0
    98: 0
    99: 0
  mem-3: # Memory controller stats
   rd: 78144 # Read requests
   wr: 47624 # Write requests
   rdlat: 10681922 # Total latency experienced by read requests
   wrlat: 7213093 # Total latency experienced by write requests
   rdhits: 1552 # Read row hits
   wrhits: 637 # Write row hits
   mlh: # latency histogram for memory requests
    0: 0
    1: 0
    2: 0
    3: 0
    4: 0
    5: 0
    6: 0
    7: 0
    8: 0
    9: 0
    10: 0
    11: 226
    12: 226
    13: 70398
    14: 2044
    15: 1414
    16: 761
    17: 365
    18: 400
    19: 385
    20: 380
    21: 285
    22: 139
    23: 150
    24: 139
    25: 58
    26: 33
    27: 32
    28: 42
    29: 48
    30: 47
    31: 37
    32: 42
    33: 33
    34: 44
    35: 47
    36: 42
    37: 42
    38: 44
    39: 36
    40: 35
    41: 43
    42: 57
    43: 22
    44: 8
    45: 6
    46: 10
    47: 12
    48: 5
    49: 3
    50: 2
    51: 1
    52: 0
    53: 0
    54: 0
    55: 0
    56: 0
    57: 0
    58: 1
    59: 0
    60: 0
    61: 0
    62: 0
    63: 0
    64: 0
    65: 0
    66: 0
    67: 0
    68: 0
    69: 0
    70: 0
    71: 0
    72: 0
    73: 0
    74: 0
    75: 0
    76: 0
    77: 0
    78: 0
    79: 0
    80: 0
    81: 0
    82: 0
    83: 0
    84: 0
    85: 0
    86: 0
    87: 0
    88: 0
    89: 0
    90: 0
    91: 0
    92: 0
    93: 0
    94: 0
    95: 0
    96: 0
    97: 0
    98: 0
    99: 0
 sched: # Scheduler stats
  thCr: 1 # Threads created
  thFn: 1 # Threads finished
  schedEvs: 1 # Schedule events
  waitEvs: 0 # Wait events
  handoffEvs: 0 # Handoff events
  sleepEvs: 0 # Sleep events
  idlePhases: 0 # Phases with no thread active
  idlePeriods: 0 # Periods with no thread active
  occHist: # Occupancy histogram
   0: 0
   1: 11155
  rqSzHist: # Run queue size histogram
   0: 11155
   1: 0
   2: 0
   3: 0
   4: 0
   5: 0
   6: 0
   7: 0
   8: 0
   9: 0
   10: 0
   11: 0
   12: 0
   13: 0
   14: 0
   15: 0
   16: 0
 procCycles: # Per-process unhalted core cycles
  0: 111550169
  1: 0
  2: 0
  3: 0
  4: 0
  5: 0
  6: 0
  7: 0
  8: 0
  9: 0
  10: 0
  11: 0
  12: 0
  13: 0
  14: 0
  15: 0
  16: 0
  17: 0
  18: 0
  19: 0
  20: 0
  21: 0
  22: 0
  23: 0
  24: 0
  25: 0
  26: 0
  27: 0
  28: 0
  29: 0
  30: 0
  31: 0
  32: 0
  33: 0
  34: 0
  35: 0
  36: 0
  37: 0
  38: 0
  39: 0
  40: 0
  41: 0
  42: 0
  43: 0
  44: 0
  45: 0
  46: 0
  47: 0
  48: 0
  49: 0
  50: 0
  51: 0
  52: 0
  53: 0
  54: 0
  55: 0
  56: 0
  57: 0
  58: 0
  59: 0
  60: 0
  61: 0
  62: 0
  63: 0
 procInstrs: # Per-process instructions
  0: 100002923
  1: 0
  2: 0
  3: 0
  4: 0
  5: 0
  6: 0
  7: 0
  8: 0
  9: 0
  10: 0
  11: 0
  12: 0
  13: 0
  14: 0
  15: 0
  16: 0
  17: 0
  18: 0
  19: 0
  20: 0
  21: 0
  22: 0
  23: 0
  24: 0
  25: 0
  26: 0
  27: 0
  28: 0
  29: 0
  30: 0
  31: 0
  32: 0
  33: 0
  34: 0
  35: 0
  36: 0
  37: 0
  38: 0
  39: 0
  40: 0
  41: 0
  42: 0
  43: 0
  44: 0
  45: 0
  46: 0
  47: 0
  48: 0
  49: 0
  50: 0
  51: 0
  52: 0
  53: 0
  54: 0
  55: 0
  56: 0
  57: 0
  58: 0
  59: 0
  60: 0
  61: 0
  62: 0
  63: 0
 heartbeats: # Per-process heartbeats
  0: 0
  1: 0
  2: 0
  3: 0
  4: 0
  5: 0
  6: 0
  7: 0
  8: 0
  9: 0
  10: 0
  11: 0
  12: 0
  13: 0
  14: 0
  15: 0
  16: 0
  17: 0
  18: 0
  19: 0
  20: 0
  21: 0
  22: 0
  23: 0
  24: 0
  25: 0
  26: 0
  27: 0
  28: 0
  29: 0
  30: 0
  31: 0
  32: 0
  33: 0
  34: 0
  35: 0
  36: 0
  37: 0
  38: 0
  39: 0
  40: 0
  41: 0
  42: 0
  43: 0
  44: 0
  45: 0
  46: 0
  47: 0
  48: 0
  49: 0
  50: 0
  51: 0
  52: 0
  53: 0
  54: 0
  55: 0
  56: 0
  57: 0
  58: 0
  59: 0
  60: 0
  61: 0
  62: 0
  63: 0
===
