# zsim stats
===
root: # Stats
 contention: # Contention simulation stats
  domain-0: # Domain stats
   time: 5132667079 # Weave simulation time
 time: # Simulator time breakdown
  init: 420881290669
  bound: 22575488880
  weave: 5632748615
  ff: 0
 trigger: 20000 # Reason for this stats dump
 phase: 53989 # Simulated phases
 westmere: # Core stats
  westmere-0: # Core stats
   cycles: 539892485 # Simulated unhalted cycles
   cCycles: 114909286 # Cycles due to contention stalls
   instrs: 100000530 # Simulated instructions
   uops: 101912602 # Retired micro-ops
   bbls: 27652659 # Basic blocks
   approxInstrs: 22402 # Instrs with approx uop decoding
   mispredBranches: 1591222 # Mispredicted branches
   condBranches: 25800949 # conditional branches
 l1i: # Cache stats
  l1i-0: # Filter cache stats
   fhGETS: 35343383 # Filtered GETS hits
   fhGETX: 0 # Filtered GETX hits
   hGETS: 0 # GETS hits
   hGETX: 0 # GETX hits
   mGETS: 76092 # GETS misses
   mGETXIM: 0 # GETX I->M misses
   mGETXSM: 0 # GETX S->M misses (upgrade misses)
   PUTS: 0 # Clean evictions (from lower level)
   PUTX: 0 # Dirty evictions (from lower level)
   INV: 76076 # Invalidates (from upper level)
   INVX: 0 # Downgrades (from upper level)
   FWD: 0 # Forwards (from upper level)
   latGETnl: 9435408 # GET request latency on next level
   latGETnet: 0 # GET request latency on network to next level
 l1d: # Cache stats
  l1d-0: # Filter cache stats
   fhGETS: 22280112 # Filtered GETS hits
   fhGETX: 2305701 # Filtered GETX hits
   hGETS: 1833696 # GETS hits
   hGETX: 3222123 # GETX hits
   mGETS: 12462914 # GETS misses
   mGETXIM: 263336 # GETX I->M misses
   mGETXSM: 0 # GETX S->M misses (upgrade misses)
   PUTS: 0 # Clean evictions (from lower level)
   PUTX: 0 # Dirty evictions (from lower level)
   INV: 779191 # Invalidates (from upper level)
   INVX: 0 # Downgrades (from upper level)
   FWD: 0 # Forwards (from upper level)
   latGETnl: 922518922 # GET request latency on next level
   latGETnet: 0 # GET request latency on network to next level
 l2: # Cache stats
  l2-0: # Cache stats
   hGETS: 2491067 # GETS hits
   hGETX: 90700 # GETX hits
   mGETS: 10047939 # GETS misses
   mGETXIM: 172636 # GETX I->M misses
   mGETXSM: 0 # GETX S->M misses (upgrade misses)
   PUTS: 8918147 # Clean evictions (from lower level)
   PUTX: 3028406 # Dirty evictions (from lower level)
   INV: 4266202 # Invalidates (from upper level)
   INVX: 0 # Downgrades (from upper level)
   FWD: 0 # Forwards (from upper level)
   latGETnl: 803930910 # GET request latency on next level
   latGETnet: 0 # GET request latency on network to next level
 l3: # Cache stats
  l3-0: # Cache stats
   hGETS: 3904719 # GETS hits
   hGETX: 108777 # GETX hits
   mGETS: 6143220 # GETS misses
   mGETXIM: 63859 # GETX I->M misses
   mGETXSM: 0 # GETX S->M misses (upgrade misses)
   PUTS: 4118192 # Clean evictions (from lower level)
   PUTX: 1832670 # Dirty evictions (from lower level)
   INV: 0 # Invalidates (from upper level)
   INVX: 0 # Downgrades (from upper level)
   FWD: 0 # Forwards (from upper level)
   latGETnl: 558637110 # GET request latency on next level
   latGETnet: 0 # GET request latency on network to next level
 mem: # Memory controller stats
  mem-0: # Memory controller stats
   rd: 1549066 # Read requests
   wr: 352440 # Write requests
   rdlat: 210903462 # Total latency experienced by read requests
   wrlat: 49974133 # Total latency experienced by write requests
   rdhits: 733 # Read row hits
   wrhits: 444 # Write row hits
   mlh: # latency histogram for memory requests
    0: 0
    1: 0
    2: 0
    3: 0
    4: 0
    5: 0
    6: 0
    7: 0
    8: 0
    9: 0
    10: 0
    11: 84
    12: 96
    13: 1364960
    14: 103683
    15: 41152
    16: 13026
    17: 2589
    18: 544
    19: 653
    20: 1268
    21: 1286
    22: 601
    23: 689
    24: 1648
    25: 1257
    26: 536
    27: 626
    28: 572
    29: 624
    30: 785
    31: 949
    32: 874
    33: 890
    34: 930
    35: 1105
    36: 935
    37: 897
    38: 851
    39: 900
    40: 916
    41: 855
    42: 817
    43: 479
    44: 313
    45: 203
    46: 102
    47: 176
    48: 126
    49: 45
    50: 9
    51: 3
    52: 6
    53: 4
    54: 2
    55: 0
    56: 0
    57: 0
    58: 0
    59: 0
    60: 0
    61: 0
    62: 0
    63: 0
    64: 0
    65: 0
    66: 0
    67: 0
    68: 0
    69: 0
    70: 0
    71: 0
    72: 0
    73: 0
    74: 0
    75: 0
    76: 0
    77: 0
    78: 0
    79: 0
    80: 0
    81: 0
    82: 0
    83: 0
    84: 0
    85: 0
    86: 0
    87: 0
    88: 0
    89: 0
    90: 0
    91: 0
    92: 0
    93: 0
    94: 0
    95: 0
    96: 0
    97: 0
    98: 0
    99: 0
  mem-1: # Memory controller stats
   rd: 1545304 # Read requests
   wr: 352476 # Write requests
   rdlat: 210327005 # Total latency experienced by read requests
   wrlat: 49915302 # Total latency experienced by write requests
   rdhits: 712 # Read row hits
   wrhits: 533 # Write row hits
   mlh: # latency histogram for memory requests
    0: 0
    1: 0
    2: 0
    3: 0
    4: 0
    5: 0
    6: 0
    7: 0
    8: 0
    9: 0
    10: 0
    11: 61
    12: 133
    13: 1361316
    14: 103554
    15: 41335
    16: 13350
    17: 2382
    18: 553
    19: 674
    20: 1222
    21: 1162
    22: 550
    23: 684
    24: 1571
    25: 1382
    26: 538
    27: 663
    28: 607
    29: 646
    30: 818
    31: 950
    32: 939
    33: 955
    34: 906
    35: 1144
    36: 955
    37: 854
    38: 848
    39: 804
    40: 839
    41: 788
    42: 774
    43: 448
    44: 277
    45: 175
    46: 98
    47: 172
    48: 114
    49: 32
    50: 14
    51: 8
    52: 1
    53: 2
    54: 3
    55: 1
    56: 1
    57: 0
    58: 0
    59: 0
    60: 0
    61: 0
    62: 0
    63: 1
    64: 0
    65: 0
    66: 0
    67: 0
    68: 0
    69: 0
    70: 0
    71: 0
    72: 0
    73: 0
    74: 0
    75: 0
    76: 0
    77: 0
    78: 0
    79: 0
    80: 0
    81: 0
    82: 0
    83: 0
    84: 0
    85: 0
    86: 0
    87: 0
    88: 0
    89: 0
    90: 0
    91: 0
    92: 0
    93: 0
    94: 0
    95: 0
    96: 0
    97: 0
    98: 0
    99: 0
  mem-2: # Memory controller stats
   rd: 1565504 # Read requests
   wr: 352933 # Write requests
   rdlat: 213282595 # Total latency experienced by read requests
   wrlat: 50016901 # Total latency experienced by write requests
   rdhits: 878 # Read row hits
   wrhits: 508 # Write row hits
   mlh: # latency histogram for memory requests
    0: 0
    1: 0
    2: 0
    3: 0
    4: 0
    5: 0
    6: 0
    7: 0
    8: 0
    9: 0
    10: 0
    11: 71
    12: 192
    13: 1374128
    14: 109035
    15: 42139
    16: 12508
    17: 2398
    18: 640
    19: 644
    20: 1430
    21: 1803
    22: 647
    23: 841
    24: 1469
    25: 1508
    26: 568
    27: 710
    28: 613
    29: 704
    30: 830
    31: 1060
    32: 945
    33: 952
    34: 943
    35: 1171
    36: 996
    37: 969
    38: 844
    39: 895
    40: 867
    41: 831
    42: 811
    43: 451
    44: 270
    45: 163
    46: 128
    47: 156
    48: 119
    49: 27
    50: 12
    51: 2
    52: 5
    53: 2
    54: 3
    55: 3
    56: 1
    57: 0
    58: 0
    59: 0
    60: 0
    61: 0
    62: 0
    63: 0
    64: 0
    65: 0
    66: 0
    67: 0
    68: 0
    69: 0
    70: 0
    71: 0
    72: 0
    73: 0
    74: 0
    75: 0
    76: 0
    77: 0
    78: 0
    79: 0
    80: 0
    81: 0
    82: 0
    83: 0
    84: 0
    85: 0
    86: 0
    87: 0
    88: 0
    89: 0
    90: 0
    91: 0
    92: 0
    93: 0
    94: 0
    95: 0
    96: 0
    97: 0
    98: 0
    99: 0
  mem-3: # Memory controller stats
   rd: 1547145 # Read requests
   wr: 350046 # Write requests
   rdlat: 210639708 # Total latency experienced by read requests
   wrlat: 49605625 # Total latency experienced by write requests
   rdhits: 872 # Read row hits
   wrhits: 429 # Write row hits
   mlh: # latency histogram for memory requests
    0: 0
    1: 0
    2: 0
    3: 0
    4: 0
    5: 0
    6: 0
    7: 0
    8: 0
    9: 0
    10: 0
    11: 95
    12: 139
    13: 1363539
    14: 102399
    15: 41754
    16: 13200
    17: 2153
    18: 606
    19: 761
    20: 1397
    21: 1164
    22: 608
    23: 619
    24: 1745
    25: 1260
    26: 557
    27: 710
    28: 600
    29: 621
    30: 794
    31: 1063
    32: 921
    33: 936
    34: 867
    35: 1089
    36: 1059
    37: 949
    38: 839
    39: 878
    40: 920
    41: 798
    42: 852
    43: 465
    44: 245
    45: 138
    46: 88
    47: 162
    48: 87
    49: 35
    50: 11
    51: 6
    52: 4
    53: 5
    54: 5
    55: 1
    56: 0
    57: 0
    58: 0
    59: 1
    60: 0
    61: 0
    62: 0
    63: 0
    64: 0
    65: 0
    66: 0
    67: 0
    68: 0
    69: 0
    70: 0
    71: 0
    72: 0
    73: 0
    74: 0
    75: 0
    76: 0
    77: 0
    78: 0
    79: 0
    80: 0
    81: 0
    82: 0
    83: 0
    84: 0
    85: 0
    86: 0
    87: 0
    88: 0
    89: 0
    90: 0
    91: 0
    92: 0
    93: 0
    94: 0
    95: 0
    96: 0
    97: 0
    98: 0
    99: 0
 sched: # Scheduler stats
  thCr: 1 # Threads created
  thFn: 1 # Threads finished
  schedEvs: 1 # Schedule events
  waitEvs: 0 # Wait events
  handoffEvs: 0 # Handoff events
  sleepEvs: 0 # Sleep events
  idlePhases: 0 # Phases with no thread active
  idlePeriods: 0 # Periods with no thread active
  occHist: # Occupancy histogram
   0: 0
   1: 53989
  rqSzHist: # Run queue size histogram
   0: 53989
   1: 0
   2: 0
   3: 0
   4: 0
   5: 0
   6: 0
   7: 0
   8: 0
   9: 0
   10: 0
   11: 0
   12: 0
   13: 0
   14: 0
   15: 0
   16: 0
 procCycles: # Per-process unhalted core cycles
  0: 539892485
  1: 0
  2: 0
  3: 0
  4: 0
  5: 0
  6: 0
  7: 0
  8: 0
  9: 0
  10: 0
  11: 0
  12: 0
  13: 0
  14: 0
  15: 0
  16: 0
  17: 0
  18: 0
  19: 0
  20: 0
  21: 0
  22: 0
  23: 0
  24: 0
  25: 0
  26: 0
  27: 0
  28: 0
  29: 0
  30: 0
  31: 0
  32: 0
  33: 0
  34: 0
  35: 0
  36: 0
  37: 0
  38: 0
  39: 0
  40: 0
  41: 0
  42: 0
  43: 0
  44: 0
  45: 0
  46: 0
  47: 0
  48: 0
  49: 0
  50: 0
  51: 0
  52: 0
  53: 0
  54: 0
  55: 0
  56: 0
  57: 0
  58: 0
  59: 0
  60: 0
  61: 0
  62: 0
  63: 0
 procInstrs: # Per-process instructions
  0: 100000530
  1: 0
  2: 0
  3: 0
  4: 0
  5: 0
  6: 0
  7: 0
  8: 0
  9: 0
  10: 0
  11: 0
  12: 0
  13: 0
  14: 0
  15: 0
  16: 0
  17: 0
  18: 0
  19: 0
  20: 0
  21: 0
  22: 0
  23: 0
  24: 0
  25: 0
  26: 0
  27: 0
  28: 0
  29: 0
  30: 0
  31: 0
  32: 0
  33: 0
  34: 0
  35: 0
  36: 0
  37: 0
  38: 0
  39: 0
  40: 0
  41: 0
  42: 0
  43: 0
  44: 0
  45: 0
  46: 0
  47: 0
  48: 0
  49: 0
  50: 0
  51: 0
  52: 0
  53: 0
  54: 0
  55: 0
  56: 0
  57: 0
  58: 0
  59: 0
  60: 0
  61: 0
  62: 0
  63: 0
 heartbeats: # Per-process heartbeats
  0: 0
  1: 0
  2: 0
  3: 0
  4: 0
  5: 0
  6: 0
  7: 0
  8: 0
  9: 0
  10: 0
  11: 0
  12: 0
  13: 0
  14: 0
  15: 0
  16: 0
  17: 0
  18: 0
  19: 0
  20: 0
  21: 0
  22: 0
  23: 0
  24: 0
  25: 0
  26: 0
  27: 0
  28: 0
  29: 0
  30: 0
  31: 0
  32: 0
  33: 0
  34: 0
  35: 0
  36: 0
  37: 0
  38: 0
  39: 0
  40: 0
  41: 0
  42: 0
  43: 0
  44: 0
  45: 0
  46: 0
  47: 0
  48: 0
  49: 0
  50: 0
  51: 0
  52: 0
  53: 0
  54: 0
  55: 0
  56: 0
  57: 0
  58: 0
  59: 0
  60: 0
  61: 0
  62: 0
  63: 0
===
