[H] Starting zsim, built Wed Apr 22 22:05:38 CDT 2026 (rev no git repo)
[H] Creating global segment, 1024 MBs
[H] Global segment shmid = 16515125
[H] Deadlock detection ON
[S 0] Started instance
[S 0] Started RR scheduler, quantum=10000 phases
[S 0] mem-0: domain 0, 4 ranks/ch 8 banks/rank, tech DDR3-1333-CL10, boundLat 90 rd / 40 wr
[S 0] mem-0: Address mapping rank:col:bank row 63:15 col 12:3 rank 14:13 bank 2:0
[S 0] mem-1: domain 0, 4 ranks/ch 8 banks/rank, tech DDR3-1333-CL10, boundLat 90 rd / 40 wr
[S 0] mem-1: Address mapping rank:col:bank row 63:15 col 12:3 rank 14:13 bank 2:0
[S 0] mem-2: domain 0, 4 ranks/ch 8 banks/rank, tech DDR3-1333-CL10, boundLat 90 rd / 40 wr
[S 0] mem-2: Address mapping rank:col:bank row 63:15 col 12:3 rank 14:13 bank 2:0
[S 0] mem-3: domain 0, 4 ranks/ch 8 banks/rank, tech DDR3-1333-CL10, boundLat 90 rd / 40 wr
[S 0] mem-3: Address mapping rank:col:bank row 63:15 col 12:3 rank 14:13 bank 2:0
[S 0] Hierarchy: [ l1i-0 l1d-0 ] -> l2-0
[S 0] Hierarchy: [ l1i-1 l1d-1 ] -> l2-1
[S 0] Hierarchy: [ l1i-2 l1d-2 ] -> l2-2
[S 0] Hierarchy: [ l1i-3 l1d-3 ] -> l2-3
[S 0] Hierarchy: [ l1i-4 l1d-4 ] -> l2-4
[S 0] Hierarchy: [ l1i-5 l1d-5 ] -> l2-5
[S 0] Hierarchy: [ l1i-6 l1d-6 ] -> l2-6
[S 0] Hierarchy: [ l1i-7 l1d-7 ] -> l2-7
[S 0] Hierarchy: [ l2-0 l2-1 l2-2 l2-3 l2-4 l2-5 l2-6 l2-7 ] -> l3-0b0..l3-0b7
[S 0] Initialized system
[S 0] HDF5 backend: Opening ./outputs/hw4/SHiP-ISeq/dedup_8c_simlarge/zsim.h5
[S 0] HDF5 backend: Created table, 9096 bytes/record, 116 records/write
[S 0] HDF5 backend: Opening ./outputs/hw4/SHiP-ISeq/dedup_8c_simlarge/zsim-ev.h5
[S 0] HDF5 backend: Created table, 9096 bytes/record, 15 records/write
[S 0] HDF5 backend: Opening ./outputs/hw4/SHiP-ISeq/dedup_8c_simlarge/zsim-cmp.h5
[S 0] HDF5 backend: Created table, 3192 bytes/record, 1 records/write
[S 0] Initialization complete
[H] Attached to global heap
[S 0] Started process, PID 3921409
[S 0] procMask: 0x0
[S 0] [0] Adjusting clocks, domain 0, de-ffwd 0
[S 0] vDSO info initialized
[S 0] FF thread 0 starting
[S 0] Started contention simulation thread 0
[S 0] FF control Thread TID 3921415
[S 0] Started scheduler watchdog thread
PARSEC Benchmark Suite Version 2.1
[HOOKS] PARSEC Hooks Version 1.2
[HOOKS] Entering ROI
[S 0] ROI_BEGIN, exiting fast-forward
[S 0] [0] Adjusting clocks, domain 0, de-ffwd 1
[S 0] Thread 0 starting
[S 0] Thread 4 starting
[S 0] Detected possible stall due to fake leaves (1 current)
[S 0]  [0/4] futex (202) @ 0x41ea32
[S 0] Blacklisting from future fake leaves: [0] futex @ 0x41ea32 | arg0 0x22ffd5c arg1 0x80
[S 0] Thread 5 starting
[S 0] Thread 6 starting
[S 0] Thread 7 starting
[S 0] Thread 8 starting
[S 0] Thread 9 starting
[S 0] Thread 10 starting
[S 0] Thread 11 starting
[S 0] Thread 12 starting
[S 0] Thread 13 starting
[S 0] Thread 14 starting
[S 0] Thread 15 starting
[S 0] Thread 16 starting
[S 0] Thread 17 starting
[S 0] Thread 18 starting
[S 0] WARN: waitUntilQueued for pid 0 tid 4 timed out
[S 0] Thread 15 finished
[S 0] WARN: waitUntilQueued for pid 0 tid 5 timed out
[S 0] WARN: waitUntilQueued for pid 0 tid 6 timed out
[S 0] WARN: waitUntilQueued for pid 0 tid 7 timed out
[S 0] Thread 19 starting
[S 0] Thread 20 starting
[S 0] WARN: waitUntilQueued for pid 0 tid 20 timed out
[S 0] Thread 19 finished
[S 0] Thread 21 starting
[S 0] WARN: waitUntilQueued for pid 0 tid 8 timed out
[S 0] Thread 22 starting
[S 0] WARN: waitUntilQueued for pid 0 tid 21 timed out
[S 0] Thread 23 starting
[S 0] Thread 24 starting
[S 0] WARN: waitUntilQueued for pid 0 tid 22 timed out
[S 0] Thread 25 starting
[S 0] Thread 26 starting
[S 0] Thread 27 starting
[S 0] WARN: waitUntilQueued for pid 0 tid 9 timed out
[S 0] WARN: waitUntilQueued for pid 0 tid 23 timed out
[S 0] WARN: waitUntilQueued for pid 0 tid 24 timed out
[S 0] Detected possible stall due to fake leaves (1 current)
[S 0]  [0/0] futex (202) @ 0x41dc72
[S 0] Blacklisting from future fake leaves: [0] futex @ 0x41dc72 | arg0 0x7fffd7bec9d0 arg1 0x0
[S 0] WARN: waitUntilQueued for pid 0 tid 26 timed out
[S 0] WARN: waitUntilQueued for pid 0 tid 27 timed out
[S 0] WARN: waitUntilQueued for pid 0 tid 10 timed out
[S 0] WARN: waitUntilQueued for pid 0 tid 26 timed out
[S 0] WARN: waitUntilQueued for pid 0 tid 11 timed out
[S 0] WARN: waitUntilQueued for pid 0 tid 26 timed out
[S 0] Detected possible stall due to fake leaves (1 current)
[S 0]  [0/4] futex (202) @ 0x41f359
[S 0] Blacklisting from future fake leaves: [0] futex @ 0x41f359 | arg0 0x7fffc8000020 arg1 0x80
[S 0] WARN: waitUntilQueued for pid 0 tid 5 timed out
[S 0] WARN: waitUntilQueued for pid 0 tid 10 timed out
[S 0] WARN: waitUntilQueued for pid 0 tid 25 timed out
[S 0] WARN: waitUntilQueued for pid 0 tid 6 timed out
[S 0] WARN: waitUntilQueued for pid 0 tid 11 timed out
[S 0] WARN: waitUntilQueued for pid 0 tid 20 timed out
[S 0] WARN: waitUntilQueued for pid 0 tid 7 timed out
[S 0] WARN: waitUntilQueued for pid 0 tid 4 timed out
[S 0] WARN: waitUntilQueued for pid 0 tid 9 timed out
[S 0] WARN: waitUntilQueued for pid 0 tid 24 timed out
[S 0] WARN: waitUntilQueued for pid 0 tid 27 timed out
[S 0] Time slice ended, context-switched 8 threads, runQueue size 6, available 0
[S 0]  State:  27r 24r 12r 13r 14r 25r 20r 17r
[S 0] WARN: waitUntilQueued for pid 0 tid 5 timed out
[S 0] WARN: waitUntilQueued for pid 0 tid 16 timed out
[S 0] WARN: waitUntilQueued for pid 0 tid 26 timed out
[S 0] WARN: waitUntilQueued for pid 0 tid 6 timed out
[S 0] WARN: waitUntilQueued for pid 0 tid 23 timed out
[H] WARN: Stalled for 20 secs so far
[S 0] WARN: waitUntilQueued for pid 0 tid 8 timed out
[S 0] WARN: waitUntilQueued for pid 0 tid 21 timed out
[H] WARN: Stalled for 30 secs so far
[S 0] WARN: waitUntilQueued for pid 0 tid 11 timed out
[S 0] WARN: waitUntilQueued for pid 0 tid 10 timed out
[S 0] Detected possible stall due to fake leaves (1 current)
[S 0]  [0/10] futex (202) @ 0x41f38a
[S 0] Blacklisting from future fake leaves: [0] futex @ 0x41f38a | arg0 0x7fffe4588d80 arg1 0x80
[S 0] WARN: waitUntilQueued for pid 0 tid 4 timed out
[S 0] WARN: waitUntilQueued for pid 0 tid 9 timed out
[S 0] Thread 12 finished
[S 0] WARN: External futex wakes? (0/0)
[S 0] WARN: waitUntilQueued for pid 0 tid 11 timed out
[S 0] WARN: waitUntilQueued for pid 0 tid 21 timed out
[S 0] Time slice ended, context-switched 8 threads, runQueue size 6, available 0
[S 0]  State:  13r 23r 16r 21r 11r 25r 20r 27r
[S 0] WARN: waitUntilQueued for pid 0 tid 22 timed out
[S 0] WARN: waitUntilQueued for pid 0 tid 7 timed out
[S 0] WARN: waitUntilQueued for pid 0 tid 9 timed out
[S 0] WARN: waitUntilQueued for pid 0 tid 6 timed out
[H] WARN: Stalled for 20 secs so far
[S 0] WARN: waitUntilQueued for pid 0 tid 4 timed out
[S 0] WARN: waitUntilQueued for pid 0 tid 14 timed out
[S 0] WARN: waitUntilQueued for pid 0 tid 5 timed out
[H] WARN: Stalled for 30 secs so far
[S 0] WARN: waitUntilQueued for pid 0 tid 18 timed out
[S 0] WARN: waitUntilQueued for pid 0 tid 0 timed out
[S 0] WARN: waitUntilQueued for pid 0 tid 17 timed out
[S 0] WARN: waitUntilQueued for pid 0 tid 24 timed out
[S 0] WARN: waitUntilQueued for pid 0 tid 26 timed out
[S 0] Thread 16 finished
[S 0] Time slice ended, context-switched 8 threads, runQueue size 3, available 0
[S 0]  State:  13r 27r 22r 25r 24r 23r 14r 21r
[S 0] WARN: waitUntilQueued for pid 0 tid 5 timed out
[S 0] WARN: waitUntilQueued for pid 0 tid 7 timed out
[S 0] WARN: waitUntilQueued for pid 0 tid 10 timed out
[S 0] WARN: waitUntilQueued for pid 0 tid 4 timed out
[S 0] WARN: waitUntilQueued for pid 0 tid 9 timed out
[S 0] WARN: waitUntilQueued for pid 0 tid 8 timed out
[S 0] WARN: Futex wake matching failed (0/1) (external/ff waiters?)
[S 0] WARN: External futex wakes? (0/0)
[S 0] WARN: waitUntilQueued for pid 0 tid 11 timed out
[S 0] WARN: waitUntilQueued for pid 0 tid 18 timed out
[S 0] Time slice ended, context-switched 6 threads, runQueue size 0, available 2
[S 0]  State:  18r 17r 22r 21r 26r 13r 25r 20r
[S 0] WARN: waitUntilQueued for pid 0 tid 10 timed out
[S 0] WARN: waitUntilQueued for pid 0 tid 8 timed out
[S 0] WARN: waitUntilQueued for pid 0 tid 9 timed out
[S 0] WARN: waitUntilQueued for pid 0 tid 4 timed out
[S 0] Max total (aggregate) instructions reached (5000024345)
[S 0] Termination condition met, exiting
[S 0] Termination condition met, exiting
[S 0] Termination condition met, exiting
[S 0] Termination condition met, exiting
[S 0] Termination condition met, exiting
[S 0] Termination condition met, exiting
[S 0] Termination condition met, exiting
[S 0] Termination condition met, exiting
[S 0] Caught termination condition on join, exiting
[S 0] Dumping termination stats
[S 0] Caught termination condition on join, exiting
[S 0] Caught termination condition on join, exiting
[S 0] Caught termination condition on join, exiting
[S 0] Caught termination condition on join, exiting
[S 0] Caught termination condition on join, exiting
[S 0] Terminating scheduler watchdog thread
[H] Child 3921409 done
[H] All children done, exiting
