# zsim stats
===
root: # Stats
 contention: # Contention simulation stats
  domain-0: # Domain stats
   time: 347013743 # Weave simulation time
 time: # Simulator time breakdown
  init: 3783432140629
  bound: 10553470733
  weave: 422192269
  ff: 0
 trigger: 20000 # Reason for this stats dump
 phase: 7644 # Simulated phases
 westmere: # Core stats
  westmere-0: # Core stats
   cycles: 76443163 # Simulated unhalted cycles
   cCycles: 10577518 # Cycles due to contention stalls
   instrs: 100005148 # Simulated instructions
   uops: 142676138 # Retired micro-ops
   bbls: 4785543 # Basic blocks
   approxInstrs: 432 # Instrs with approx uop decoding
   mispredBranches: 23095 # Mispredicted branches
   condBranches: 4718233 # conditional branches
 l1i: # Cache stats
  l1i-0: # Filter cache stats
   fhGETS: 9440011 # Filtered GETS hits
   fhGETX: 0 # Filtered GETX hits
   hGETS: 20708 # GETS hits
   hGETX: 0 # GETX hits
   mGETS: 2298 # GETS misses
   mGETXIM: 0 # GETX I->M misses
   mGETXSM: 0 # GETX S->M misses (upgrade misses)
   PUTS: 0 # Clean evictions (from lower level)
   PUTX: 0 # Dirty evictions (from lower level)
   INV: 400 # Invalidates (from upper level)
   INVX: 0 # Downgrades (from upper level)
   FWD: 0 # Forwards (from upper level)
   latGETnl: 144282 # GET request latency on next level
   latGETnet: 0 # GET request latency on network to next level
 l1d: # Cache stats
  l1d-0: # Filter cache stats
   fhGETS: 27548275 # Filtered GETS hits
   fhGETX: 9098956 # Filtered GETX hits
   hGETS: 15229890 # GETS hits
   hGETX: 5953675 # GETX hits
   mGETS: 297301 # GETS misses
   mGETXIM: 293590 # GETX I->M misses
   mGETXSM: 0 # GETX S->M misses (upgrade misses)
   PUTS: 0 # Clean evictions (from lower level)
   PUTX: 0 # Dirty evictions (from lower level)
   INV: 156035 # Invalidates (from upper level)
   INVX: 0 # Downgrades (from upper level)
   FWD: 0 # Forwards (from upper level)
   latGETnl: 39806252 # GET request latency on next level
   latGETnet: 0 # GET request latency on network to next level
 l2: # Cache stats
  l2-0: # Cache stats
   hGETS: 205763 # GETS hits
   hGETX: 3520 # GETX hits
   mGETS: 93836 # GETS misses
   mGETXIM: 290070 # GETX I->M misses
   mGETXSM: 0 # GETX S->M misses (upgrade misses)
   PUTS: 255176 # Clean evictions (from lower level)
   PUTX: 180667 # Dirty evictions (from lower level)
   INV: 200359 # Invalidates (from upper level)
   INVX: 0 # Downgrades (from upper level)
   FWD: 0 # Forwards (from upper level)
   latGETnl: 34018644 # GET request latency on next level
   latGETnet: 0 # GET request latency on network to next level
 l3: # Cache stats
  l3-0: # Cache stats
   hGETS: 16250 # GETS hits
   hGETX: 92046 # GETX hits
   mGETS: 77586 # GETS misses
   mGETXIM: 198024 # GETX I->M misses
   mGETXSM: 0 # GETX S->M misses (upgrade misses)
   PUTS: 38665 # Clean evictions (from lower level)
   PUTX: 141024 # Dirty evictions (from lower level)
   INV: 0 # Invalidates (from upper level)
   INVX: 0 # Downgrades (from upper level)
   FWD: 0 # Forwards (from upper level)
   latGETnl: 24804900 # GET request latency on next level
   latGETnet: 0 # GET request latency on network to next level
 mem: # Memory controller stats
  mem-0: # Memory controller stats
   rd: 69260 # Read requests
   wr: 45483 # Write requests
   rdlat: 10331950 # Total latency experienced by read requests
   wrlat: 9002145 # Total latency experienced by write requests
   rdhits: 58 # Read row hits
   wrhits: 80 # Write row hits
   mlh: # latency histogram for memory requests
    0: 0
    1: 0
    2: 0
    3: 0
    4: 0
    5: 0
    6: 0
    7: 0
    8: 0
    9: 0
    10: 0
    11: 30
    12: 5
    13: 55926
    14: 2859
    15: 125
    16: 74
    17: 53
    18: 32
    19: 33
    20: 35
    21: 124
    22: 2377
    23: 5841
    24: 554
    25: 412
    26: 30
    27: 40
    28: 35
    29: 38
    30: 32
    31: 34
    32: 33
    33: 30
    34: 39
    35: 36
    36: 40
    37: 35
    38: 37
    39: 50
    40: 34
    41: 37
    42: 36
    43: 26
    44: 4
    45: 5
    46: 15
    47: 41
    48: 20
    49: 12
    50: 13
    51: 16
    52: 8
    53: 4
    54: 0
    55: 0
    56: 0
    57: 0
    58: 0
    59: 0
    60: 0
    61: 0
    62: 0
    63: 0
    64: 0
    65: 0
    66: 0
    67: 0
    68: 0
    69: 0
    70: 0
    71: 0
    72: 0
    73: 0
    74: 0
    75: 0
    76: 0
    77: 0
    78: 0
    79: 0
    80: 0
    81: 0
    82: 0
    83: 0
    84: 0
    85: 0
    86: 0
    87: 0
    88: 0
    89: 0
    90: 0
    91: 0
    92: 0
    93: 0
    94: 0
    95: 0
    96: 0
    97: 0
    98: 0
    99: 0
  mem-1: # Memory controller stats
   rd: 70300 # Read requests
   wr: 45999 # Write requests
   rdlat: 10516227 # Total latency experienced by read requests
   wrlat: 9708509 # Total latency experienced by write requests
   rdhits: 99 # Read row hits
   wrhits: 506 # Write row hits
   mlh: # latency histogram for memory requests
    0: 0
    1: 0
    2: 0
    3: 0
    4: 0
    5: 0
    6: 0
    7: 0
    8: 0
    9: 0
    10: 0
    11: 32
    12: 10
    13: 56209
    14: 3084
    15: 96
    16: 244
    17: 229
    18: 91
    19: 50
    20: 36
    21: 117
    22: 2353
    23: 5824
    24: 489
    25: 522
    26: 37
    27: 54
    28: 35
    29: 59
    30: 50
    31: 37
    32: 34
    33: 27
    34: 32
    35: 26
    36: 46
    37: 53
    38: 47
    39: 47
    40: 46
    41: 61
    42: 26
    43: 16
    44: 7
    45: 6
    46: 25
    47: 48
    48: 13
    49: 23
    50: 20
    51: 14
    52: 8
    53: 13
    54: 2
    55: 0
    56: 0
    57: 0
    58: 0
    59: 0
    60: 2
    61: 0
    62: 0
    63: 0
    64: 0
    65: 0
    66: 0
    67: 0
    68: 0
    69: 0
    70: 0
    71: 0
    72: 0
    73: 0
    74: 0
    75: 0
    76: 0
    77: 0
    78: 0
    79: 0
    80: 0
    81: 0
    82: 0
    83: 0
    84: 0
    85: 0
    86: 0
    87: 0
    88: 0
    89: 0
    90: 0
    91: 0
    92: 0
    93: 0
    94: 0
    95: 0
    96: 0
    97: 0
    98: 0
    99: 0
  mem-2: # Memory controller stats
   rd: 67860 # Read requests
   wr: 45342 # Write requests
   rdlat: 10144445 # Total latency experienced by read requests
   wrlat: 8959596 # Total latency experienced by write requests
   rdhits: 55 # Read row hits
   wrhits: 79 # Write row hits
   mlh: # latency histogram for memory requests
    0: 0
    1: 0
    2: 0
    3: 0
    4: 0
    5: 0
    6: 0
    7: 0
    8: 0
    9: 0
    10: 0
    11: 19
    12: 1
    13: 54189
    14: 3120
    15: 77
    16: 140
    17: 74
    18: 23
    19: 30
    20: 49
    21: 140
    22: 2342
    23: 5912
    24: 392
    25: 569
    26: 46
    27: 44
    28: 39
    29: 30
    30: 38
    31: 47
    32: 29
    33: 33
    34: 34
    35: 36
    36: 40
    37: 33
    38: 39
    39: 35
    40: 44
    41: 50
    42: 40
    43: 17
    44: 4
    45: 3
    46: 10
    47: 30
    48: 13
    49: 7
    50: 8
    51: 18
    52: 13
    53: 2
    54: 1
    55: 0
    56: 0
    57: 0
    58: 0
    59: 0
    60: 0
    61: 0
    62: 0
    63: 0
    64: 0
    65: 0
    66: 0
    67: 0
    68: 0
    69: 0
    70: 0
    71: 0
    72: 0
    73: 0
    74: 0
    75: 0
    76: 0
    77: 0
    78: 0
    79: 0
    80: 0
    81: 0
    82: 0
    83: 0
    84: 0
    85: 0
    86: 0
    87: 0
    88: 0
    89: 0
    90: 0
    91: 0
    92: 0
    93: 0
    94: 0
    95: 0
    96: 0
    97: 0
    98: 0
    99: 0
  mem-3: # Memory controller stats
   rd: 68179 # Read requests
   wr: 46274 # Write requests
   rdlat: 10184424 # Total latency experienced by read requests
   wrlat: 9810764 # Total latency experienced by write requests
   rdhits: 123 # Read row hits
   wrhits: 615 # Write row hits
   mlh: # latency histogram for memory requests
    0: 0
    1: 0
    2: 0
    3: 0
    4: 0
    5: 0
    6: 0
    7: 0
    8: 0
    9: 0
    10: 0
    11: 25
    12: 12
    13: 54101
    14: 3085
    15: 127
    16: 201
    17: 254
    18: 69
    19: 27
    20: 35
    21: 175
    22: 6325
    23: 1869
    24: 489
    25: 573
    26: 37
    27: 33
    28: 23
    29: 39
    30: 47
    31: 35
    32: 41
    33: 32
    34: 33
    35: 29
    36: 35
    37: 27
    38: 34
    39: 39
    40: 56
    41: 53
    42: 40
    43: 21
    44: 6
    45: 6
    46: 19
    47: 41
    48: 16
    49: 27
    50: 13
    51: 6
    52: 7
    53: 3
    54: 1
    55: 1
    56: 1
    57: 0
    58: 0
    59: 2
    60: 9
    61: 0
    62: 0
    63: 0
    64: 0
    65: 0
    66: 0
    67: 0
    68: 0
    69: 0
    70: 0
    71: 0
    72: 0
    73: 0
    74: 0
    75: 0
    76: 0
    77: 0
    78: 0
    79: 0
    80: 0
    81: 0
    82: 0
    83: 0
    84: 0
    85: 0
    86: 0
    87: 0
    88: 0
    89: 0
    90: 0
    91: 0
    92: 0
    93: 0
    94: 0
    95: 0
    96: 0
    97: 0
    98: 0
    99: 0
 sched: # Scheduler stats
  thCr: 1 # Threads created
  thFn: 1 # Threads finished
  schedEvs: 1 # Schedule events
  waitEvs: 0 # Wait events
  handoffEvs: 0 # Handoff events
  sleepEvs: 0 # Sleep events
  idlePhases: 0 # Phases with no thread active
  idlePeriods: 0 # Periods with no thread active
  occHist: # Occupancy histogram
   0: 0
   1: 7644
  rqSzHist: # Run queue size histogram
   0: 7644
   1: 0
   2: 0
   3: 0
   4: 0
   5: 0
   6: 0
   7: 0
   8: 0
   9: 0
   10: 0
   11: 0
   12: 0
   13: 0
   14: 0
   15: 0
   16: 0
 procCycles: # Per-process unhalted core cycles
  0: 76443163
  1: 0
  2: 0
  3: 0
  4: 0
  5: 0
  6: 0
  7: 0
  8: 0
  9: 0
  10: 0
  11: 0
  12: 0
  13: 0
  14: 0
  15: 0
  16: 0
  17: 0
  18: 0
  19: 0
  20: 0
  21: 0
  22: 0
  23: 0
  24: 0
  25: 0
  26: 0
  27: 0
  28: 0
  29: 0
  30: 0
  31: 0
  32: 0
  33: 0
  34: 0
  35: 0
  36: 0
  37: 0
  38: 0
  39: 0
  40: 0
  41: 0
  42: 0
  43: 0
  44: 0
  45: 0
  46: 0
  47: 0
  48: 0
  49: 0
  50: 0
  51: 0
  52: 0
  53: 0
  54: 0
  55: 0
  56: 0
  57: 0
  58: 0
  59: 0
  60: 0
  61: 0
  62: 0
  63: 0
 procInstrs: # Per-process instructions
  0: 100005148
  1: 0
  2: 0
  3: 0
  4: 0
  5: 0
  6: 0
  7: 0
  8: 0
  9: 0
  10: 0
  11: 0
  12: 0
  13: 0
  14: 0
  15: 0
  16: 0
  17: 0
  18: 0
  19: 0
  20: 0
  21: 0
  22: 0
  23: 0
  24: 0
  25: 0
  26: 0
  27: 0
  28: 0
  29: 0
  30: 0
  31: 0
  32: 0
  33: 0
  34: 0
  35: 0
  36: 0
  37: 0
  38: 0
  39: 0
  40: 0
  41: 0
  42: 0
  43: 0
  44: 0
  45: 0
  46: 0
  47: 0
  48: 0
  49: 0
  50: 0
  51: 0
  52: 0
  53: 0
  54: 0
  55: 0
  56: 0
  57: 0
  58: 0
  59: 0
  60: 0
  61: 0
  62: 0
  63: 0
 heartbeats: # Per-process heartbeats
  0: 0
  1: 0
  2: 0
  3: 0
  4: 0
  5: 0
  6: 0
  7: 0
  8: 0
  9: 0
  10: 0
  11: 0
  12: 0
  13: 0
  14: 0
  15: 0
  16: 0
  17: 0
  18: 0
  19: 0
  20: 0
  21: 0
  22: 0
  23: 0
  24: 0
  25: 0
  26: 0
  27: 0
  28: 0
  29: 0
  30: 0
  31: 0
  32: 0
  33: 0
  34: 0
  35: 0
  36: 0
  37: 0
  38: 0
  39: 0
  40: 0
  41: 0
  42: 0
  43: 0
  44: 0
  45: 0
  46: 0
  47: 0
  48: 0
  49: 0
  50: 0
  51: 0
  52: 0
  53: 0
  54: 0
  55: 0
  56: 0
  57: 0
  58: 0
  59: 0
  60: 0
  61: 0
  62: 0
  63: 0
===
