# zsim stats
===
root: # Stats
 contention: # Contention simulation stats
  domain-0: # Domain stats
   time: 367554802 # Weave simulation time
 time: # Simulator time breakdown
  init: 57431568251
  bound: 8985435995
  weave: 478368110
  ff: 0
 trigger: 20000 # Reason for this stats dump
 phase: 11136 # Simulated phases
 westmere: # Core stats
  westmere-0: # Core stats
   cycles: 111360127 # Simulated unhalted cycles
   cCycles: 9513812 # Cycles due to contention stalls
   instrs: 100002026 # Simulated instructions
   uops: 113802126 # Retired micro-ops
   bbls: 14845325 # Basic blocks
   approxInstrs: 596117 # Instrs with approx uop decoding
   mispredBranches: 789656 # Mispredicted branches
   condBranches: 12874366 # conditional branches
 l1i: # Cache stats
  l1i-0: # Filter cache stats
   fhGETS: 19526212 # Filtered GETS hits
   fhGETX: 0 # Filtered GETX hits
   hGETS: 195 # GETS hits
   hGETX: 0 # GETX hits
   mGETS: 40267 # GETS misses
   mGETXIM: 0 # GETX I->M misses
   mGETXSM: 0 # GETX S->M misses (upgrade misses)
   PUTS: 0 # Clean evictions (from lower level)
   PUTX: 0 # Dirty evictions (from lower level)
   INV: 40244 # Invalidates (from upper level)
   INVX: 0 # Downgrades (from upper level)
   FWD: 0 # Forwards (from upper level)
   latGETnl: 4993108 # GET request latency on next level
   latGETnet: 0 # GET request latency on network to next level
 l1d: # Cache stats
  l1d-0: # Filter cache stats
   fhGETS: 25347100 # Filtered GETS hits
   fhGETX: 11422752 # Filtered GETX hits
   hGETS: 1012267 # GETS hits
   hGETX: 1639076 # GETX hits
   mGETS: 1935973 # GETS misses
   mGETXIM: 1095124 # GETX I->M misses
   mGETXSM: 0 # GETX S->M misses (upgrade misses)
   PUTS: 0 # Clean evictions (from lower level)
   PUTX: 0 # Dirty evictions (from lower level)
   INV: 42258 # Invalidates (from upper level)
   INVX: 0 # Downgrades (from upper level)
   FWD: 0 # Forwards (from upper level)
   latGETnl: 103885220 # GET request latency on next level
   latGETnet: 0 # GET request latency on network to next level
 l2: # Cache stats
  l2-0: # Cache stats
   hGETS: 939394 # GETS hits
   hGETX: 119553 # GETX hits
   mGETS: 1036846 # GETS misses
   mGETXIM: 975571 # GETX I->M misses
   mGETXSM: 0 # GETX S->M misses (upgrade misses)
   PUTS: 916198 # Clean evictions (from lower level)
   PUTX: 2072131 # Dirty evictions (from lower level)
   INV: 125053 # Invalidates (from upper level)
   INVX: 0 # Downgrades (from upper level)
   FWD: 0 # Forwards (from upper level)
   latGETnl: 78164688 # GET request latency on next level
   latGETnet: 0 # GET request latency on network to next level
 l3: # Cache stats
  l3-0: # Cache stats
   hGETS: 887761 # GETS hits
   hGETX: 792804 # GETX hits
   mGETS: 149085 # GETS misses
   mGETXIM: 182767 # GETX I->M misses
   mGETXSM: 0 # GETX S->M misses (upgrade misses)
   PUTS: 545740 # Clean evictions (from lower level)
   PUTX: 1337556 # Dirty evictions (from lower level)
   INV: 0 # Invalidates (from upper level)
   INVX: 0 # Downgrades (from upper level)
   FWD: 0 # Forwards (from upper level)
   latGETnl: 29866680 # GET request latency on next level
   latGETnet: 0 # GET request latency on network to next level
 mem: # Memory controller stats
  mem-0: # Memory controller stats
   rd: 97431 # Read requests
   wr: 47332 # Write requests
   rdlat: 13252592 # Total latency experienced by read requests
   wrlat: 7095682 # Total latency experienced by write requests
   rdhits: 1529 # Read row hits
   wrhits: 607 # Write row hits
   mlh: # latency histogram for memory requests
    0: 0
    1: 0
    2: 0
    3: 0
    4: 0
    5: 0
    6: 0
    7: 0
    8: 0
    9: 0
    10: 0
    11: 205
    12: 232
    13: 89371
    14: 2168
    15: 1363
    16: 791
    17: 405
    18: 378
    19: 402
    20: 440
    21: 296
    22: 123
    23: 136
    24: 126
    25: 61
    26: 44
    27: 46
    28: 40
    29: 50
    30: 38
    31: 54
    32: 52
    33: 35
    34: 49
    35: 51
    36: 45
    37: 56
    38: 57
    39: 53
    40: 56
    41: 57
    42: 60
    43: 21
    44: 12
    45: 19
    46: 11
    47: 7
    48: 12
    49: 1
    50: 1
    51: 2
    52: 1
    53: 3
    54: 1
    55: 0
    56: 0
    57: 0
    58: 0
    59: 0
    60: 0
    61: 0
    62: 0
    63: 0
    64: 0
    65: 0
    66: 0
    67: 0
    68: 0
    69: 0
    70: 0
    71: 0
    72: 0
    73: 0
    74: 0
    75: 0
    76: 0
    77: 0
    78: 0
    79: 0
    80: 0
    81: 0
    82: 0
    83: 0
    84: 0
    85: 0
    86: 0
    87: 0
    88: 0
    89: 0
    90: 0
    91: 0
    92: 0
    93: 0
    94: 0
    95: 0
    96: 0
    97: 0
    98: 0
    99: 0
  mem-1: # Memory controller stats
   rd: 80058 # Read requests
   wr: 47207 # Write requests
   rdlat: 10938239 # Total latency experienced by read requests
   wrlat: 7089770 # Total latency experienced by write requests
   rdhits: 1588 # Read row hits
   wrhits: 600 # Write row hits
   mlh: # latency histogram for memory requests
    0: 0
    1: 0
    2: 0
    3: 0
    4: 0
    5: 0
    6: 0
    7: 0
    8: 0
    9: 0
    10: 1
    11: 197
    12: 218
    13: 72461
    14: 1993
    15: 1323
    16: 757
    17: 356
    18: 374
    19: 388
    20: 463
    21: 275
    22: 115
    23: 135
    24: 107
    25: 68
    26: 31
    27: 42
    28: 49
    29: 44
    30: 44
    31: 35
    32: 47
    33: 45
    34: 54
    35: 49
    36: 39
    37: 47
    38: 48
    39: 48
    40: 42
    41: 46
    42: 62
    43: 22
    44: 11
    45: 3
    46: 4
    47: 8
    48: 1
    49: 2
    50: 1
    51: 1
    52: 1
    53: 1
    54: 0
    55: 0
    56: 0
    57: 0
    58: 0
    59: 0
    60: 0
    61: 0
    62: 0
    63: 0
    64: 0
    65: 0
    66: 0
    67: 0
    68: 0
    69: 0
    70: 0
    71: 0
    72: 0
    73: 0
    74: 0
    75: 0
    76: 0
    77: 0
    78: 0
    79: 0
    80: 0
    81: 0
    82: 0
    83: 0
    84: 0
    85: 0
    86: 0
    87: 0
    88: 0
    89: 0
    90: 0
    91: 0
    92: 0
    93: 0
    94: 0
    95: 0
    96: 0
    97: 0
    98: 0
    99: 0
  mem-2: # Memory controller stats
   rd: 77094 # Read requests
   wr: 47394 # Write requests
   rdlat: 10557801 # Total latency experienced by read requests
   wrlat: 7167711 # Total latency experienced by write requests
   rdhits: 1714 # Read row hits
   wrhits: 616 # Write row hits
   mlh: # latency histogram for memory requests
    0: 0
    1: 0
    2: 0
    3: 0
    4: 0
    5: 0
    6: 0
    7: 0
    8: 0
    9: 1
    10: 0
    11: 213
    12: 272
    13: 68988
    14: 2224
    15: 1348
    16: 764
    17: 368
    18: 395
    19: 483
    20: 483
    21: 310
    22: 119
    23: 138
    24: 115
    25: 76
    26: 39
    27: 32
    28: 43
    29: 36
    30: 38
    31: 45
    32: 34
    33: 40
    34: 48
    35: 34
    36: 49
    37: 44
    38: 41
    39: 50
    40: 50
    41: 52
    42: 51
    43: 26
    44: 4
    45: 8
    46: 14
    47: 9
    48: 2
    49: 1
    50: 0
    51: 1
    52: 0
    53: 0
    54: 3
    55: 2
    56: 1
    57: 0
    58: 0
    59: 0
    60: 0
    61: 0
    62: 0
    63: 0
    64: 0
    65: 0
    66: 0
    67: 0
    68: 0
    69: 0
    70: 0
    71: 0
    72: 0
    73: 0
    74: 0
    75: 0
    76: 0
    77: 0
    78: 0
    79: 0
    80: 0
    81: 0
    82: 0
    83: 0
    84: 0
    85: 0
    86: 0
    87: 0
    88: 0
    89: 0
    90: 0
    91: 0
    92: 0
    93: 0
    94: 0
    95: 0
    96: 0
    97: 0
    98: 0
    99: 0
  mem-3: # Memory controller stats
   rd: 77269 # Read requests
   wr: 47636 # Write requests
   rdlat: 10566290 # Total latency experienced by read requests
   wrlat: 7212381 # Total latency experienced by write requests
   rdhits: 1595 # Read row hits
   wrhits: 641 # Write row hits
   mlh: # latency histogram for memory requests
    0: 0
    1: 0
    2: 0
    3: 0
    4: 0
    5: 0
    6: 0
    7: 0
    8: 0
    9: 2
    10: 0
    11: 235
    12: 237
    13: 69538
    14: 2071
    15: 1367
    16: 768
    17: 350
    18: 369
    19: 377
    20: 412
    21: 294
    22: 121
    23: 152
    24: 138
    25: 70
    26: 25
    27: 34
    28: 31
    29: 47
    30: 44
    31: 33
    32: 39
    33: 47
    34: 44
    35: 49
    36: 43
    37: 41
    38: 45
    39: 41
    40: 46
    41: 42
    42: 54
    43: 25
    44: 5
    45: 8
    46: 4
    47: 10
    48: 2
    49: 4
    50: 2
    51: 0
    52: 2
    53: 0
    54: 0
    55: 0
    56: 0
    57: 0
    58: 0
    59: 1
    60: 0
    61: 0
    62: 0
    63: 0
    64: 0
    65: 0
    66: 0
    67: 0
    68: 0
    69: 0
    70: 0
    71: 0
    72: 0
    73: 0
    74: 0
    75: 0
    76: 0
    77: 0
    78: 0
    79: 0
    80: 0
    81: 0
    82: 0
    83: 0
    84: 0
    85: 0
    86: 0
    87: 0
    88: 0
    89: 0
    90: 0
    91: 0
    92: 0
    93: 0
    94: 0
    95: 0
    96: 0
    97: 0
    98: 0
    99: 0
 sched: # Scheduler stats
  thCr: 1 # Threads created
  thFn: 1 # Threads finished
  schedEvs: 1 # Schedule events
  waitEvs: 0 # Wait events
  handoffEvs: 0 # Handoff events
  sleepEvs: 0 # Sleep events
  idlePhases: 0 # Phases with no thread active
  idlePeriods: 0 # Periods with no thread active
  occHist: # Occupancy histogram
   0: 0
   1: 11136
  rqSzHist: # Run queue size histogram
   0: 11136
   1: 0
   2: 0
   3: 0
   4: 0
   5: 0
   6: 0
   7: 0
   8: 0
   9: 0
   10: 0
   11: 0
   12: 0
   13: 0
   14: 0
   15: 0
   16: 0
 procCycles: # Per-process unhalted core cycles
  0: 111360127
  1: 0
  2: 0
  3: 0
  4: 0
  5: 0
  6: 0
  7: 0
  8: 0
  9: 0
  10: 0
  11: 0
  12: 0
  13: 0
  14: 0
  15: 0
  16: 0
  17: 0
  18: 0
  19: 0
  20: 0
  21: 0
  22: 0
  23: 0
  24: 0
  25: 0
  26: 0
  27: 0
  28: 0
  29: 0
  30: 0
  31: 0
  32: 0
  33: 0
  34: 0
  35: 0
  36: 0
  37: 0
  38: 0
  39: 0
  40: 0
  41: 0
  42: 0
  43: 0
  44: 0
  45: 0
  46: 0
  47: 0
  48: 0
  49: 0
  50: 0
  51: 0
  52: 0
  53: 0
  54: 0
  55: 0
  56: 0
  57: 0
  58: 0
  59: 0
  60: 0
  61: 0
  62: 0
  63: 0
 procInstrs: # Per-process instructions
  0: 100002026
  1: 0
  2: 0
  3: 0
  4: 0
  5: 0
  6: 0
  7: 0
  8: 0
  9: 0
  10: 0
  11: 0
  12: 0
  13: 0
  14: 0
  15: 0
  16: 0
  17: 0
  18: 0
  19: 0
  20: 0
  21: 0
  22: 0
  23: 0
  24: 0
  25: 0
  26: 0
  27: 0
  28: 0
  29: 0
  30: 0
  31: 0
  32: 0
  33: 0
  34: 0
  35: 0
  36: 0
  37: 0
  38: 0
  39: 0
  40: 0
  41: 0
  42: 0
  43: 0
  44: 0
  45: 0
  46: 0
  47: 0
  48: 0
  49: 0
  50: 0
  51: 0
  52: 0
  53: 0
  54: 0
  55: 0
  56: 0
  57: 0
  58: 0
  59: 0
  60: 0
  61: 0
  62: 0
  63: 0
 heartbeats: # Per-process heartbeats
  0: 0
  1: 0
  2: 0
  3: 0
  4: 0
  5: 0
  6: 0
  7: 0
  8: 0
  9: 0
  10: 0
  11: 0
  12: 0
  13: 0
  14: 0
  15: 0
  16: 0
  17: 0
  18: 0
  19: 0
  20: 0
  21: 0
  22: 0
  23: 0
  24: 0
  25: 0
  26: 0
  27: 0
  28: 0
  29: 0
  30: 0
  31: 0
  32: 0
  33: 0
  34: 0
  35: 0
  36: 0
  37: 0
  38: 0
  39: 0
  40: 0
  41: 0
  42: 0
  43: 0
  44: 0
  45: 0
  46: 0
  47: 0
  48: 0
  49: 0
  50: 0
  51: 0
  52: 0
  53: 0
  54: 0
  55: 0
  56: 0
  57: 0
  58: 0
  59: 0
  60: 0
  61: 0
  62: 0
  63: 0
===
